[    0.000000] Initializing cgroup subsys cpuset
[    0.000000] Initializing cgroup subsys cpu
[    0.000000] Initializing cgroup subsys cpuacct
[    0.000000] Linux version 4.4.0-210-generic (buildd@lgw01-amd64-009) (gcc version 5.4.0 20160609 (Ubuntu 5.4.0-6ubuntu1~16.04.12) ) #242-Ubuntu SMP Fri Apr 16 09:57:56 UTC 2021 (Ubuntu 4.4.0-210.242-generic 4.4.262)
[    0.000000] Command line: BOOT_IMAGE=/boot/vmlinuz-4.4.0-210-generic root=LABEL=cloudimg-rootfs ro console=tty1 console=ttyS0
[    0.000000] KERNEL supported cpus:
[    0.000000]   Intel GenuineIntel
[    0.000000]   AMD AuthenticAMD
[    0.000000]   Centaur CentaurHauls
[    0.000000] x86/fpu: Legacy x87 FPU detected.
[    0.000000] e820: BIOS-provided physical RAM map:
[    0.000000] BIOS-e820: [mem 0x0000000000000000-0x000000000009fbff] usable
[    0.000000] BIOS-e820: [mem 0x000000000009fc00-0x000000000009ffff] reserved
[    0.000000] BIOS-e820: [mem 0x00000000000f0000-0x00000000000fffff] reserved
[    0.000000] BIOS-e820: [mem 0x0000000000100000-0x000000003ffeffff] usable
[    0.000000] BIOS-e820: [mem 0x000000003fff0000-0x000000003fffffff] ACPI data
[    0.000000] BIOS-e820: [mem 0x00000000fec00000-0x00000000fec00fff] reserved
[    0.000000] BIOS-e820: [mem 0x00000000fee00000-0x00000000fee00fff] reserved
[    0.000000] BIOS-e820: [mem 0x00000000fffc0000-0x00000000ffffffff] reserved
[    0.000000] NX (Execute Disable) protection: active
[    0.000000] SMBIOS 2.5 present.
[    0.000000] Hypervisor detected: KVM
[    0.000000] e820: last_pfn = 0x3fff0 max_arch_pfn = 0x400000000
[    0.000000] MTRR: Disabled
[    0.000000] x86/PAT: MTRRs disabled, skipping PAT initialization too.
[    0.000000] CPU MTRRs all blank - virtualized system.
[    0.000000] x86/PAT: Configuration [0-7]: WB  WT  UC- UC  WB  WT  UC- UC  
[    0.000000] found SMP MP-table at [mem 0x0009fff0-0x0009ffff] mapped at [ffff88000009fff0]
[    0.000000] Scanning 1 areas for low memory corruption
[    0.000000] RAMDISK: [mem 0x362dc000-0x37165fff]
[    0.000000] ACPI: Early table checksum verification disabled
[    0.000000] ACPI: RSDP 0x00000000000E0000 000024 (v02 VBOX  )
[    0.000000] ACPI: XSDT 0x000000003FFF0030 00003C (v01 VBOX   VBOXXSDT 00000001 ASL  00000061)
[    0.000000] ACPI: FACP 0x000000003FFF00F0 0000F4 (v04 VBOX   VBOXFACP 00000001 ASL  00000061)
[    0.000000] ACPI: DSDT 0x000000003FFF0610 002353 (v02 VBOX   VBOXBIOS 00000002 INTL 20100528)
[    0.000000] ACPI: FACS 0x000000003FFF0200 000040
[    0.000000] ACPI: FACS 0x000000003FFF0200 000040
[    0.000000] ACPI: APIC 0x000000003FFF0240 000054 (v02 VBOX   VBOXAPIC 00000001 ASL  00000061)
[    0.000000] ACPI: SSDT 0x000000003FFF02A0 00036C (v01 VBOX   VBOXCPUT 00000002 INTL 20100528)
[    0.000000] No NUMA configuration found
[    0.000000] Faking a node at [mem 0x0000000000000000-0x000000003ffeffff]
[    0.000000] NODE_DATA(0) allocated [mem 0x3ffeb000-0x3ffeffff]
[    0.000000] kvm-clock: Using msrs 4b564d01 and 4b564d00
[    0.000000] kvm-clock: cpu 0, msr 0:3ffe3001, primary cpu clock
[    0.000000] kvm-clock: using sched offset of 3911879071 cycles
[    0.000000] clocksource: kvm-clock: mask: 0xffffffffffffffff max_cycles: 0x1cd42e4dffb, max_idle_ns: 881590591483 ns
[    0.000000] Zone ranges:
[    0.000000]   DMA      [mem 0x0000000000001000-0x0000000000ffffff]
[    0.000000]   DMA32    [mem 0x0000000001000000-0x000000003ffeffff]
[    0.000000]   Normal   empty
[    0.000000]   Device   empty
[    0.000000] Movable zone start for each node
[    0.000000] Early memory node ranges
[    0.000000]   node   0: [mem 0x0000000000001000-0x000000000009efff]
[    0.000000]   node   0: [mem 0x0000000000100000-0x000000003ffeffff]
[    0.000000] Initmem setup node 0 [mem 0x0000000000001000-0x000000003ffeffff]
[    0.000000] ACPI: PM-Timer IO Port: 0x4008
[    0.000000] IOAPIC[0]: apic_id 1, version 32, address 0xfec00000, GSI 0-23
[    0.000000] ACPI: INT_SRC_OVR (bus 0 bus_irq 0 global_irq 2 dfl dfl)
[    0.000000] ACPI: INT_SRC_OVR (bus 0 bus_irq 9 global_irq 9 low level)
[    0.000000] Using ACPI (MADT) for SMP configuration information
[    0.000000] smpboot: Allowing 1 CPUs, 0 hotplug CPUs
[    0.000000] PM: Registered nosave memory: [mem 0x00000000-0x00000fff]
[    0.000000] PM: Registered nosave memory: [mem 0x0009f000-0x0009ffff]
[    0.000000] PM: Registered nosave memory: [mem 0x000a0000-0x000effff]
[    0.000000] PM: Registered nosave memory: [mem 0x000f0000-0x000fffff]
[    0.000000] e820: [mem 0x40000000-0xfebfffff] available for PCI devices
[    0.000000] Booting paravirtualized kernel on KVM
[    0.000000] clocksource: refined-jiffies: mask: 0xffffffff max_cycles: 0xffffffff, max_idle_ns: 7645519600211568 ns
[    0.000000] setup_percpu: NR_CPUS:512 nr_cpumask_bits:512 nr_cpu_ids:1 nr_node_ids:1
[    0.000000] PERCPU: Embedded 33 pages/cpu @ffff88003fc00000 s95192 r8192 d31784 u2097152
[    0.000000] Built 1 zonelists in Node order, mobility grouping on.  Total pages: 257912
[    0.000000] Policy zone: DMA32
[    0.000000] Kernel command line: BOOT_IMAGE=/boot/vmlinuz-4.4.0-210-generic root=LABEL=cloudimg-rootfs ro console=tty1 console=ttyS0
[    0.000000] PID hash table entries: 4096 (order: 3, 32768 bytes)
[    0.000000] Memory: 997924K/1048120K available (8644K kernel code, 1332K rwdata, 4044K rodata, 1492K init, 1164K bss, 50196K reserved, 0K cma-reserved)
[    0.000000] SLUB: HWalign=64, Order=0-3, MinObjects=0, CPUs=1, Nodes=1
[    0.000000] Kernel/User page tables isolation: enabled
[    0.000000] Hierarchical RCU implementation.
[    0.000000] 	Build-time adjustment of leaf fanout to 64.
[    0.000000] 	RCU restricting CPUs from NR_CPUS=512 to nr_cpu_ids=1.
[    0.000000] RCU: Adjusting geometry for rcu_fanout_leaf=64, nr_cpu_ids=1
[    0.000000] NR_IRQS:33024 nr_irqs:256 16
[    0.000000] Console: colour VGA+ 80x25
[    0.000000] console [tty1] enabled
[    0.000000] console [ttyS0] enabled
[    0.000000] tsc: Detected 2304.000 MHz processor
[    0.948938] Calibrating delay loop (skipped) preset value.. 4608.00 BogoMIPS (lpj=9216000)
[    0.968571] pid_max: default: 32768 minimum: 301
[    0.977064] ACPI: Core revision 20150930
[    0.987737] ACPI: 2 ACPI AML tables successfully acquired and loaded
[    1.003559] Security Framework initialized
[    1.009982] Yama: becoming mindful.
[    1.019955] AppArmor: AppArmor initialized
[    1.026328] Dentry cache hash table entries: 131072 (order: 8, 1048576 bytes)
[    1.050025] Inode-cache hash table entries: 65536 (order: 7, 524288 bytes)
[    1.070586] Mount-cache hash table entries: 2048 (order: 2, 16384 bytes)
[    1.092277] Mountpoint-cache hash table entries: 2048 (order: 2, 16384 bytes)
[    1.112650] Initializing cgroup subsys io
[    1.123020] Initializing cgroup subsys memory
[    1.136253] Initializing cgroup subsys devices
[    1.145460] Initializing cgroup subsys freezer
[    1.156242] Initializing cgroup subsys net_cls
[    1.165134] Initializing cgroup subsys perf_event
[    1.176451] Initializing cgroup subsys net_prio
[    1.187045] Initializing cgroup subsys hugetlb
[    1.198682] Initializing cgroup subsys pids
[    1.234715] mce: CPU supports 0 MCE banks
[    1.243524] Last level iTLB entries: 4KB 128, 2MB 8, 4MB 8
[    1.258645] Last level dTLB entries: 4KB 64, 2MB 0, 4MB 0, 1GB 4
[    1.272279] Spectre V1 : Mitigation: usercopy/swapgs barriers and __user pointer sanitization
[    1.297288] Spectre V2 : Mitigation: Full generic retpoline
[    1.312163] Spectre V2 : Spectre v2 / SpectreRSB mitigation: Filling RSB on context switch
[    1.331478] Speculative Store Bypass: Vulnerable
[    1.340935] SRBDS: Unknown: Dependent on hypervisor status
[    1.357212] MDS: Mitigation: Clear CPU buffers
[    1.884612] Freeing SMP alternatives memory: 36K
[    2.109466] ftrace: allocating 32380 entries in 127 pages
[    3.552961] smpboot: APIC(0) Converting physical 0 to logical package 0
[    3.572578] smpboot: Max logical packages: 1
[    3.604336] ..TIMER: vector=0x30 apic1=0 pin1=2 apic2=-1 pin2=-1
[    3.723051] APIC calibration not consistent with PM-Timer: 96ms instead of 100ms
[    3.735437] APIC delta adjusted to PM-Timer: 6225666 (6006975)
[    3.746186] smpboot: CPU0: Intel(R) Core(TM) i5-6300HQ CPU @ 2.30GHz (family: 0x6, model: 0x5e, stepping: 0x3)
[    3.763689] Performance Events: unsupported p6 CPU model 94 no PMU driver, software events only.
[    4.023206] KVM setup paravirtual spinlock
[    4.032144] x86: Booted up 1 node, 1 CPUs
[    4.039334] smpboot: Total of 1 processors activated (4608.00 BogoMIPS)
[    4.057652] devtmpfs: initialized
[    4.065869] evm: security.selinux
[    4.071473] evm: security.SMACK64
[    4.078053] evm: security.SMACK64EXEC
[    4.085251] evm: security.SMACK64TRANSMUTE
[    4.091970] evm: security.SMACK64MMAP
[    4.098116] evm: security.ima
[    4.103451] evm: security.capability
[    4.109559] clocksource: jiffies: mask: 0xffffffff max_cycles: 0xffffffff, max_idle_ns: 7645041785100000 ns
[    4.127188] futex hash table entries: 256 (order: 2, 16384 bytes)
[    4.147899] pinctrl core: initialized pinctrl subsystem
[    4.160820] RTC time: 13:25:31, date: 05/24/24
[    4.177956] NET: Registered protocol family 16
[    4.194388] cpuidle: using governor ladder
[    4.202339] cpuidle: using governor menu
[    4.213727] PCCT header not found.
[    4.220922] ACPI: bus type PCI registered
[    4.230737] acpiphp: ACPI Hot Plug PCI Controller Driver version: 0.5
[    4.243478] PCI: Using configuration type 1 for base access
[    4.255642] ACPI: Added _OSI(Module Device)
[    4.261933] ACPI: Added _OSI(Processor Device)
[    4.269159] ACPI: Added _OSI(3.0 _SCP Extensions)
[    4.275706] ACPI: Added _OSI(Processor Aggregator Device)
[    4.285453] ACPI: Executed 1 blocks of module-level executable AML code
[    4.300857] ACPI: Interpreter enabled
[    4.307061] ACPI: (supports S0 S5)
[    4.313067] ACPI: Using IOAPIC for interrupt routing
[    4.321452] PCI: Using host bridge windows from ACPI; if necessary, use "pci=nocrs" and report a bug
[    4.347606] ACPI: PCI Root Bridge [PCI0] (domain 0000 [bus 00-ff])
[    4.357235] acpi PNP0A03:00: _OSC: OS supports [ASPM ClockPM Segments MSI]
[    4.367722] acpi PNP0A03:00: _OSC: not requesting OS control; OS requires [ExtendedConfig ASPM ClockPM MSI]
[    4.382136] acpi PNP0A03:00: fail to add MMCONFIG information, can't access extended PCI configuration space under this bridge.
[    4.401657] PCI host bridge to bus 0000:00
[    4.408541] pci_bus 0000:00: root bus resource [io  0x0000-0x0cf7 window]
[    4.420191] pci_bus 0000:00: root bus resource [io  0x0d00-0xffff window]
[    4.430710] pci_bus 0000:00: root bus resource [mem 0x000a0000-0x000bffff window]
[    4.442020] pci_bus 0000:00: root bus resource [mem 0x40000000-0xfdffffff window]
[    4.455168] pci_bus 0000:00: root bus resource [bus 00-ff]
[    4.476815] pci 0000:00:01.1: legacy IDE quirk: reg 0x10: [io  0x01f0-0x01f7]
[    4.487526] pci 0000:00:01.1: legacy IDE quirk: reg 0x14: [io  0x03f6]
[    4.497458] pci 0000:00:01.1: legacy IDE quirk: reg 0x18: [io  0x0170-0x0177]
[    4.507707] pci 0000:00:01.1: legacy IDE quirk: reg 0x1c: [io  0x0376]
[    4.554883] pci 0000:00:07.0: quirk: [io  0x4000-0x403f] claimed by PIIX4 ACPI
[    4.565231] pci 0000:00:07.0: quirk: [io  0x4100-0x410f] claimed by PIIX4 SMB
[    4.595071] ACPI: PCI Interrupt Link [LNKA] (IRQs 5 9 10 *11)
[    4.608049] ACPI: PCI Interrupt Link [LNKB] (IRQs 5 9 *10 11)
[    4.620592] ACPI: PCI Interrupt Link [LNKC] (IRQs 5 *9 10 11)
[    4.661092] ACPI: PCI Interrupt Link [LNKD] (IRQs 5 9 10 *11)
[    4.674127] ACPI: Enabled 2 GPEs in block 00 to 07
[    4.683759] vgaarb: setting as boot device: PCI:0000:00:02.0
[    4.692931] vgaarb: device added: PCI:0000:00:02.0,decodes=io+mem,owns=io+mem,locks=none
[    4.704927] vgaarb: loaded
[    4.710542] vgaarb: bridge control possible 0000:00:02.0
[    4.718953] SCSI subsystem initialized
[    4.725574] ACPI: bus type USB registered
[    4.731813] usbcore: registered new interface driver usbfs
[    4.740298] usbcore: registered new interface driver hub
[    4.748866] usbcore: registered new device driver usb
[    4.757631] PCI: Using ACPI for IRQ routing
[    4.765256] NetLabel: Initializing
[    4.770920] NetLabel:  domain hash size = 128
[    4.778404] NetLabel:  protocols = UNLABELED CIPSOv4
[    4.787098] NetLabel:  unlabeled traffic allowed by default
[    4.795895] amd_nb: Cannot enumerate AMD northbridges
[    4.804692] clocksource: Switched to clocksource kvm-clock
[    4.852581] AppArmor: AppArmor Filesystem Enabled
[    4.861037] pnp: PnP ACPI init
[    4.869829] pnp: PnP ACPI: found 3 devices
[    4.886510] clocksource: acpi_pm: mask: 0xffffff max_cycles: 0xffffff, max_idle_ns: 2085701024 ns
[    4.899035] NET: Registered protocol family 2
[    4.909267] TCP established hash table entries: 8192 (order: 4, 65536 bytes)
[    4.921610] TCP bind hash table entries: 8192 (order: 5, 131072 bytes)
[    4.933408] TCP: Hash tables configured (established 8192 bind 8192)
[    4.945297] UDP hash table entries: 512 (order: 2, 16384 bytes)
[    4.959312] UDP-Lite hash table entries: 512 (order: 2, 16384 bytes)
[    4.971722] NET: Registered protocol family 1
[    4.980458] pci 0000:00:00.0: Limiting direct PCI/PCI transfers
[    4.990965] pci 0000:00:01.0: Activating ISA DMA hang workarounds
[    5.000680] Unpacking initramfs...
[    5.570908] Freeing initrd memory: 14888K
[    5.578338] clocksource: tsc: mask: 0xffffffffffffffff max_cycles: 0x2135f7c97c8, max_idle_ns: 440795273205 ns
[    5.593813] platform rtc_cmos: registered platform RTC device (no PNP device found)
[    5.606244] Scanning for low memory corruption every 60 seconds
[    5.617234] audit: initializing netlink subsys (disabled)
[    5.626204] audit: type=2000 audit(1716557134.811:1): initialized
[    5.635680] Initialise system trusted keyring
[    5.643400] HugeTLB registered 2 MB page size, pre-allocated 0 pages
[    5.656434] zbud: loaded
[    5.661363] VFS: Disk quotas dquot_6.6.0
[    5.667933] VFS: Dquot-cache hash table entries: 512 (order 0, 4096 bytes)
[    5.679789] squashfs: version 4.0 (2009/01/31) Phillip Lougher
[    5.690574] fuse init (API version 7.23)
[    5.697361] Key type big_key registered
[    5.703825] Allocating IMA MOK and blacklist keyrings.
[    5.714448] Key type asymmetric registered
[    5.722777] Asymmetric key parser 'x509' registered
[    5.731276] Block layer SCSI generic (bsg) driver version 0.4 loaded (major 249)
[    5.742698] io scheduler noop registered
[    5.748350] io scheduler deadline registered (default)
[    5.755980] io scheduler cfq registered
[    5.761577] pci_hotplug: PCI Hot Plug PCI Core version: 0.5
[    5.769365] pciehp: PCI Express Hot Plug Controller Driver version: 0.4
[    5.779529] ACPI: AC Adapter [AC] (on-line)
[    5.786580] input: Power Button as /devices/LNXSYSTM:00/LNXPWRBN:00/input/input0
[    5.798245] ACPI: Power Button [PWRF]
[    5.804240] input: Sleep Button as /devices/LNXSYSTM:00/LNXSLPBN:00/input/input1
[    5.816078] ACPI: Sleep Button [SLPF]
[    5.824111] ACPI: Battery Slot [BAT0] (battery present)
[    5.831555] GHES: HEST is not enabled!
[    5.837211] Serial: 8250/16550 driver, 32 ports, IRQ sharing enabled
[    5.885635] 00:02: ttyS0 at I/O 0x3f8 (irq = 4, base_baud = 115200) is a 16550A
[    5.899275] Linux agpgart interface v0.103
[    5.914098] loop: module loaded
[    5.921600] scsi host0: ata_piix
[    5.927013] scsi host1: ata_piix
[    5.932255] ata1: PATA max UDMA/33 cmd 0x1f0 ctl 0x3f6 bmdma 0xd000 irq 14
[    5.942237] ata2: PATA max UDMA/33 cmd 0x170 ctl 0x376 bmdma 0xd008 irq 15
[    5.959786] libphy: Fixed MDIO Bus: probed
[    5.966848] tun: Universal TUN/TAP device driver, 1.6
[    5.973881] tun: (C) 1999-2004 Max Krasnyansky <maxk@qualcomm.com>
[    5.985219] PPP generic driver version 2.4.2
[    5.992784] ehci_hcd: USB 2.0 'Enhanced' Host Controller (EHCI) Driver
[    6.002546] ehci-pci: EHCI PCI platform driver
[    6.010412] ehci-platform: EHCI generic platform driver
[    6.020245] ohci_hcd: USB 1.1 'Open' Host Controller (OHCI) Driver
[    6.029690] ohci-pci: OHCI PCI platform driver
[    6.036554] ohci-platform: OHCI generic platform driver
[    6.044557] uhci_hcd: USB Universal Host Controller Interface driver
[    6.054794] i8042: PNP: PS/2 Controller [PNP0303:PS2K,PNP0f03:PS2M] at 0x60,0x64 irq 1,12
[    6.071739] serio: i8042 KBD port at 0x60,0x64 irq 1
[    6.080575] serio: i8042 AUX port at 0x60,0x64 irq 12
[    6.088391] mousedev: PS/2 mouse device common for all mice
[    6.099008] input: AT Translated Set 2 keyboard as /devices/platform/i8042/serio0/input/input2
[    6.192495] rtc_cmos rtc_cmos: rtc core: registered rtc_cmos as rtc0
[    6.204118] rtc_cmos rtc_cmos: alarms up to one day, 114 bytes nvram
[    6.214255] i2c /dev entries driver
[    6.220545] device-mapper: uevent: version 1.0.3
[    6.228711] device-mapper: ioctl: 4.34.0-ioctl (2015-10-28) initialised: dm-devel@redhat.com
[    6.250268] ledtrig-cpu: registered to indicate activity on CPUs
[    6.263847] NET: Registered protocol family 10
[    6.273123] NET: Registered protocol family 17
[    6.282232] Key type dns_resolver registered
[    6.290912] registered taskstats version 1
[    6.299365] Loading compiled-in X.509 certificates
[    6.308744] Loaded X.509 cert 'Build time autogenerated kernel key: cf00e047681d67edb2720680708b7d9498083038'
[    6.326282] zswap: loaded using pool lzo/zbud
[    6.336429] Key type trusted registered
[    6.349999] Key type encrypted registered
[    6.356842] AppArmor: AppArmor sha1 policy hashing enabled
[    6.366202] ima: No TPM chip found, activating TPM-bypass!
[    6.375133] ima: Allocated hash algorithm: sha1
[    6.382804] evm: HMAC attrs: 0x1
[    6.391405]   Magic number: 8:550:433
[    6.401728] rtc_cmos rtc_cmos: setting system clock to 2024-05-24 13:25:33 UTC (1716557133)
[    6.423523] BIOS EDD facility v0.16 2004-Jun-25, 0 devices found
[    6.434288] EDD information not available.
[    6.446634] Freeing unused kernel memory: 1492K
[    6.454271] Write protecting the kernel read-only data: 14336k
[    6.463482] Freeing unused kernel memory: 1584K
[    6.471923] Freeing unused kernel memory: 52K
Loading, please wait...
starting version 229
[    6.522001] random: systemd-udevd: uninitialized urandom read (16 bytes read, 11 bits of entropy available)
[    6.537984] random: udevadm: uninitialized urandom read (16 bytes read, 11 bits of entropy available)
[    6.552576] random: systemd-udevd: uninitialized urandom read (16 bytes read, 11 bits of entropy available)
[    6.567805] random: udevadm: uninitialized urandom read (16 bytes read, 11 bits of entropy available)
[    6.581487] random: systemd-udevd: uninitialized urandom read (16 bytes read, 11 bits of entropy available)
[    6.611819] random: systemd-udevd: uninitialized urandom read (16 bytes read, 11 bits of entropy available)
[    6.627243] random: udevadm: uninitialized urandom read (16 bytes read, 11 bits of entropy available)
[    6.643146] random: systemd-udevd: uninitialized urandom read (16 bytes read, 11 bits of entropy available)
[    6.657406] random: udevadm: uninitialized urandom read (16 bytes read, 11 bits of entropy available)
[    6.669800] random: systemd-udevd: uninitialized urandom read (16 bytes read, 11 bits of entropy available)
[    6.835515] Fusion MPT base driver 3.04.20
[    6.841498] Copyright (c) 1999-2008 LSI Corporation
[    6.856524] e1000: Intel(R) PRO/1000 Network Driver - version 7.3.21-k8-NAPI
[    6.866968] e1000: Copyright (c) 1999-2006 Intel Corporation.
[    6.932413] SSE version of gcm_enc/dec engaged.
[    6.999232] Fusion MPT SPI Host driver 3.04.20
[    7.216631] input: ImExPS/2 Generic Explorer Mouse as /devices/platform/i8042/serio1/input/input4
[    7.980497] e1000 0000:00:03.0 eth0: (PCI:33MHz:32-bit) 02:be:82:6b:cc:1d
[    7.993086] e1000 0000:00:03.0 eth0: Intel(R) PRO/1000 Network Connection
[    8.006397] mptbase: ioc0: Initiating bringup
[    8.093096] ioc0: LSI53C1030 A0: Capabilities={Initiator}
[    8.290618] scsi host2: ioc0: LSI53C1030 A0, FwRev=00000000h, Ports=1, MaxQ=256, IRQ=20
[    8.417803] scsi 2:0:0:0: Direct-Access     VBOX     HARDDISK         1.0  PQ: 0 ANSI: 5
[    8.431732] scsi target2:0:0: Beginning Domain Validation
[    8.451840] scsi target2:0:0: Domain Validation skipping write tests
[    8.461833] scsi target2:0:0: Ending Domain Validation
[    8.483254] scsi target2:0:0: asynchronous
[    8.541358] scsi 2:0:1:0: Direct-Access     VBOX     HARDDISK         1.0  PQ: 0 ANSI: 5
[    8.573568] scsi target2:0:1: Beginning Domain Validation
[    8.674510] scsi target2:0:1: Domain Validation skipping write tests
[    8.688105] scsi target2:0:1: Ending Domain Validation
[    8.715475] scsi target2:0:1: asynchronous
[    8.909037] sd 2:0:0:0: [sda] 83886080 512-byte logical blocks: (42.9 GB/40.0 GiB)
[    8.920740] sd 2:0:0:0: Attached scsi generic sg0 type 0
[    8.940536] sd 2:0:1:0: [sdb] 20480 512-byte logical blocks: (10.5 MB/10.0 MiB)
[    8.952283] sd 2:0:1:0: Attached scsi generic sg1 type 0
[    8.965812] sd 2:0:0:0: [sda] Write Protect is off
[    8.986479] sd 2:0:1:0: [sdb] Write Protect is off
[    9.000168] sd 2:0:0:0: [sda] Incomplete mode parameter data
[    9.009463] sd 2:0:0:0: [sda] Assuming drive cache: write through
[    9.042148] sd 2:0:1:0: [sdb] Incomplete mode parameter data
[    9.050979] sd 2:0:1:0: [sdb] Assuming drive cache: write through
[    9.077446]  sda: sda1
[    9.102528] sd 2:0:0:0: [sda] Attached SCSI disk
[    9.111708] sd 2:0:1:0: [sdb] Attached SCSI disk
[    9.660194] e1000 0000:00:08.0 eth1: (PCI:33MHz:32-bit) 08:00:27:f9:97:07
[    9.671984] e1000 0000:00:08.0 eth1: Intel(R) PRO/1000 Network Connection
[    9.686500] e1000 0000:00:08.0 enp0s8: renamed from eth1
[    9.697481] e1000 0000:00:03.0 enp0s3: renamed from eth0
Begin: Loading essential drivers ... [   11.605296] md: linear personality registered for level -1
[   11.622988] md: multipath personality registered for level -4
[   11.640435] md: raid0 personality registered for level 0
[   11.672325] md: raid1 personality registered for level 1
[   11.765200] raid6: sse2x1   gen()  7295 MB/s
[   11.852927] raid6: sse2x1   xor()  6250 MB/s
[   11.924890] raid6: sse2x2   gen() 10176 MB/s
[   12.000756] raid6: sse2x2   xor()  6508 MB/s
[   12.072917] raid6: sse2x4   gen() 11588 MB/s
[   12.168764] raid6: sse2x4   xor()  8392 MB/s
[   12.177435] raid6: using algorithm sse2x4 gen() 11588 MB/s
[   12.186946] raid6: .... xor() 8392 MB/s, rmw enabled
[   12.195799] raid6: using ssse3x2 recovery algorithm
[   12.207581] xor: measuring software checksum speed
[   12.316789]    prefetch64-sse: 34681.000 MB/sec
[   12.424843]    generic_sse: 34104.000 MB/sec
[   12.433172] xor: using function: prefetch64-sse (34681.000 MB/sec)
[   12.445799] async_tx: api initialized (async)
[   12.511949] md: raid6 personality registered for level 6
[   12.520488] md: raid5 personality registered for level 5
[   12.528627] md: raid4 personality registered for level 4
[   12.562588] md: raid10 personality registered for level 10
done.
Begin: Running /scripts/init-premount ... done.
Begin: Mounting root file system ... Begin: Running /scripts/local-top ... done.
Begin: Running /scripts/local-premount ... [   12.752312] Btrfs loaded
Scanning for Btrfs filesystems
done.
Warning: fsck not present, so skipping root file system
[   12.843378] EXT4-fs (sda1): mounted filesystem with ordered data mode. Opts: (null)
done.
Begin: Running /scripts/local-bottom ... done.
Begin: Running /scripts/init-bottom ... done.
[   13.107543] systemd[1]: systemd 229 running in system mode. (+PAM +AUDIT +SELINUX +IMA +APPARMOR +SMACK +SYSVINIT +UTMP +LIBCRYPTSETUP +GCRYPT +GNUTLS +ACL +XZ -LZ4 +SECCOMP +BLKID +ELFUTILS +KMOD -IDN)
[   13.135561] systemd[1]: Detected virtualization oracle.
[   13.146223] systemd[1]: Detected architecture x86-64.

Welcome to [1mUbuntu 16.04.7 LTS[0m!

[   13.175455] systemd[1]: Set hostname to <ubuntu>.
[   13.192486] systemd[1]: Initializing machine ID from random generator.
[   13.202711] systemd[1]: Installed transient /etc/machine-id file.
[   13.435544] random: nonblocking pool is initialized
[   13.588083] systemd[1]: Reached target Encrypted Volumes.
[[0;32m  OK  [0m] Reached target Encrypted Volumes.
[   13.604716] systemd[1]: Listening on LVM2 poll daemon socket.
[[0;32m  OK  [0m] Listening on LVM2 poll daemon socket.
[   13.623472] systemd[1]: Reached target User and Group Name Lookups.
[[0;32m  OK  [0m] Reached target User and Group Name Lookups.
[   13.642248] systemd[1]: Started Forward Password Requests to Wall Directory Watch.
[[0;32m  OK  [0m] Started Forward Password Requests to Wall Directory Watch.
[   13.663912] systemd[1]: Reached target Swap.
[[0;32m  OK  [0m] Reached target Swap.
[   13.679707] systemd[1]: Listening on Journal Socket.
[[0;32m  OK  [0m] Listening on Journal Socket.
[   13.695882] systemd[1]: Started Trigger resolvconf update for networkd DNS.
[[0;32m  OK  [0m] Started Trigger resolvconf update for networkd DNS.
[   13.716311] systemd[1]: Listening on LVM2 metadata daemon socket.
[[0;32m  OK  [0m] Listening on LVM2 metadata daemon socket.
[   13.735372] systemd[1]: Listening on /dev/initctl Compatibility Named Pipe.
[[0;32m  OK  [0m] Listening on /dev/initctl Compatibility Named Pipe.
[   13.759312] systemd[1]: Reached target System Time Synchronized.
[[0;32m  OK  [0m] Reached target System Time Synchronized.
[   13.779763] systemd[1]: Listening on Journal Socket (/dev/log).
[[0;32m  OK  [0m] Listening on Journal Socket (/dev/log).
[   13.799445] systemd[1]: Listening on Device-mapper event daemon FIFOs.
[[0;32m  OK  [0m] Listening on Device-mapper event daemon FIFOs.
[   13.820431] systemd[1]: Listening on fsck to fsckd communication Socket.
[[0;32m  OK  [0m] Listening on fsck to fsckd communication Socket.
[   13.840814] systemd[1]: Created slice User and Session Slice.
[[0;32m  OK  [0m] Created slice User and Session Slice.
[   13.860527] systemd[1]: Listening on udev Kernel Socket.
[[0;32m  OK  [0m] Listening on udev Kernel Socket.
[   13.880415] systemd[1]: Created slice System Slice.
[[0;32m  OK  [0m] Created slice System Slice.
[   13.897970] systemd[1]: Created slice system-serial\x2dgetty.slice.
[[0;32m  OK  [0m] Created slice system-serial\x2dgetty.slice.
[   13.919585] systemd[1]: Mounting Debug File System...
         Mounting Debug File System...
[   13.949317] systemd[1]: Starting Load Kernel Modules...
         Starting Load Kernel Modules...
[   13.998509] systemd[1]: Mounting Huge Pages File System...
         Mounting Huge Pages File System...
[   14.033247] Loading iSCSI transport class v2.0-870.
[   14.046840] systemd[1]: Mounting POSIX Message Queue File System...
         Mounting POSIX Message Queue File System...[   14.080028] iscsi: registered transport (tcp)

[   14.090124] systemd[1]: Starting Set console keymap...
         Starting Set console keymap...
[   14.124773] systemd[1]: Starting Create list of required static device nodes for the current kernel...
         Starting Create list of required st... nodes for the current kernel...
[   14.176662] systemd[1]: Starting Monitoring of LVM2 mirrors, snapshots etc. using dmeventd or progress polling...
         Starting Monitoring of LVM2 mirrors... dmeventd or progress polling...
[   14.227795] systemd[1]: Starting File System Check on Root Device...
         Starting File System Check on Root Device...
[   14.267159] systemd[1]: Set up automount Arbitrary Executable File Formats File System Automount Point.
[[0;32m  OK  [0m] Set up automount Arbitrary Executab...ats File System Automount Point.
[   14.317790] systemd[1]: Listening on Journal Audit Socket.
[[0;32m  OK  [0m] Listening on Journal Audit Socket.
[   14.363404] systemd[1]: Reached target Slices.
[[0;32m  OK  [0m] Reached target Slices.
[   14.399147] systemd[1]: Listening on udev Control Socket.
[[0;32m  OK  [0m] Listening on udev Control Socket.
[   14.452687] systemd[1]: Listening on Syslog Socket.
[[0;32m  OK  [0m] [   14.473145] iscsi: registered transport (iser)
Listening on Syslog Socket.
[   14.486795] systemd[1]: Starting Journal Service...
         Starting Journal Service...
[   14.534398] systemd[1]: Starting Uncomplicated firewall...
         Starting Uncomplicated firewall...
[   14.563946] systemd[1]: Starting Nameserver information manager...
         Starting Nameserver information manager...
[   14.587627] systemd[1]: Mounted Huge Pages File System.
[[0;32m  OK  [0m] Mounted Huge Pages File System.
[   14.608375] systemd[1]: Mounted POSIX Message Queue File System.
[[0;32m  OK  [0m] Mounted POSIX Message Queue File System.
[   14.627578] systemd[1]: Mounted Debug File System.
[[0;32m  OK  [0m] Mounted Debug File System.
[   14.644750] systemd[1]: Started Journal Service.
[[0;32m  OK  [0m] Started Journal Service.
[[0;32m  OK  [0m] Started Load Kernel Modules.
[[0;32m  OK  [0m] Started Set console keymap.
[[0;32m  OK  [0m] Started Create list of required sta...ce nodes for the current kernel.
[[0;32m  OK  [0m] Started File System Check on Root Device.
[[0;32m  OK  [0m] Started Uncomplicated firewall.
[[0;32m  OK  [0m] Started LVM2 metadata daemon.
[[0;32m  OK  [0m] Started File System Check Daemon to report status.
         Starting Remount Root and Kernel File Systems...
[   14.790379] EXT4-fs (sda1): re-mounted. Opts: (null)
         Starting Create Static Device Nodes in /dev...
         Starting Apply Kernel Variables...
         Mounting FUSE Control File System...
[[0;32m  OK  [0m] Mounted FUSE Control File System.
[[0;32m  OK  [0m] Started Nameserver information manager.
[[0;32m  OK  [0m] Started Remount Root and Kernel File Systems.
[[0;32m  OK  [0m] Started Monitoring of LVM2 mirrors,...ng dmeventd or progress polling.
[[0;32m  OK  [0m] Started Create Static Device Nodes in /dev.
[[0;32m  OK  [0m] Started Apply Kernel Variables.
         Starting udev Kernel Device Manager...
[[0;32m  OK  [0m] Reached target Local File Systems (Pre).
[[0;32m  OK  [0m] Reached target Local File Systems.
         Starting Commit a transient machine-id on disk...
         Starting LSB: AppArmor initialization...
         Starting Tell Plymouth To Write Out Runtime Data...
         Starting Set console font and keymap...
         Starting Initial cloud-init job (pre-networking)...
         Starting Flush Journal to Persistent Storage...
         Starting udev Coldplug all Devices...
         Starting Load/Save Random Seed...
[[0;32m  OK  [0m] Started udev Kernel Device Manager.
[[0;32m  OK  [0m] Started Commit a transient machine-id on disk.
[[0;32m  OK  [0m] Started Tell Plymouth To Write Out Runtime Data.
[[0;32m  OK  [0m] Started Load/Save Random Seed.
[[0;32m  OK  [0m] Started Flush Journal to Persistent Storage.
         Starting Create Volatile Files and Directories...
[[0;32m  OK  [0m] Started Create Volatile Files and Directories.
         Starting Update UTMP about System Boot/Shutdown...
[[0;32m  OK  [0m] Started Update UTMP about System Boot/Shutdown.
[[0;32m  OK  [0m] Started udev Coldplug all Devices.
[[0;32m  OK  [0m] Started Dispatch Password Requests to Console Directory Watch.
[[0;32m  OK  [0m] Found device /dev/ttyS0.
[[0;32m  OK  [0m] Listening on Load/Save RF Kill Switch Status /dev/rfkill Watch.
[[0;32m  OK  [0m] Started LSB: AppArmor initialization.[   17.056699] cloud-init[486]: 
Cloud-init v. 21.1-19-gbad84ad4-0ubuntu1~16.04.2 running 'init-local' at Fri, 24 May 2024 13:25:46 +0000. Up 15.96 seconds.         Starting Load AppArmor profiles managed internally by snapd...
[[0;32m  OK  [0m] Started Initial cloud-init job (pre-networking).
[[0;32m  OK  [0m] Reached target Network (Pre).
         Starting Raise network interfaces...

[[0;32m  OK  [0m] Started Load AppArmor profiles managed internally by snapd.
[[0;32m  OK  [0m] Started Set console font and keymap.
[[0;32m  OK  [0m] Created slice system-getty.slice.
[[0;32m  OK  [0m] Started Raise network interfaces.
         Starting Initial cloud-init job (metadata service crawler)...
[[0;32m  OK  [0m] Reached target Network.
[   19.829095] cloud-init[974]: Cloud-init v. 21.1-19-gbad84ad4-0ubuntu1~16.04.2 running 'init' at Fri, 24 May 2024 13:25:49 +0000. Up 18.98 seconds.
[   19.856831] cloud-init[974]: ci-info: ++++++++++++++++++++++++++++++++++++++Net device info+++++++++++++++++++++++++++++++++++++++
[   19.887635] cloud-init[974]: ci-info: +--------+-------+----------------------------+---------------+--------+-------------------+
[   19.922338] cloud-init[974]: ci-info: | Device |   Up  |          Address           |      Mask     | Scope  |     Hw-Address    |[[0;32m  OK  [0m
[   19.945819] cloud-init[974]: ] Started Initial cloud-init job (metadata service crawler).
ci-info: +--------+-------+----------------------------+---------------+--------+-------------------+[[0;32m  OK  [0m] Reached target System Initialization.

[   19.970683] cloud-init[974]: ci-info: | enp0s3 |  True |         10.0.2.15          | 255.255.255.0 | global | 02:be:82:6b:cc:1d |[[0;32m  OK  [0m] Listening on ACPID Listen Socket.
[[0;32m  OK  [0m
[   19.991320] ] Started Daily Cleanup of Temporary Directories.cloud-init[974]: ci-info: | enp0s3 |  True | fe80::be:82ff:fe6b:cc1d/64 |       .       |  link  | 02:be:82:6b:cc:1d |

[   20.013601] [[0;32m  OK  [0m] Started ACPI Events Check.cloud-init[974]: ci-info: | enp0s8 | False |             .              |       .       |   .    | 08:00:27:f9:97:07 |
[[0;32m  OK  [0m
[   20.034538] cloud-init] Reached target Paths.
[974]: ci-info: |   lo   |  True |         127.0.0.1          |   255.0.0.0   |  host  |         .         |[[0;32m  OK  [0m] Listening on UUID daemon activation socket.
[[0;32m  OK  [0m] Listening on D-Bus System Message Bus Socket.
[   20.064447] cloud-init[974]: ci-info: |   lo   |  True |          ::1/128           |       .       |  host  |         .         |
[[0;32m  OK  [0m] Started Message of the Day.

[   20.082573] cloud-init[[0;32m  OK  [0m] [974]: ci-info: +--------+-------+----------------------------+---------------+--------+-------------------+Started Daily apt download activities.
[[0;32m  OK  [0m
[   20.102660] ] Started Daily apt upgrade and clean activities.
cloud-init[974]: ci-info: +++++++++++++++++++++++++++Route IPv4 info++++++++++++++++++++++++++++[[0;32m  OK  [0m] Started Ubuntu Advantage update messaging.
[   20.123798] cloud-init[974]: ci-info: +-------+-------------+----------+---------------+-----------+-------+
[[0;32m  OK  [0m] Reached target Timers.

         Starting LXD - unix socket.[   20.145563] cloud-init[974]: 
         ci-info: | Route | Destination | Gateway  |    Genmask    | Interface | Flags |Starting Socket activation for snappy daemon.

[   20.162158] cloud-init[[0;32m  OK  [0m] [974]: ci-info: +-------+-------------+----------+---------------+-----------+-------+Reached target Network is Online.
         
[   20.183245] Starting iSCSI initiator daemon (iscsid)...
cloud-init[974]: ci-info: |   0   |   0.0.0.0   | 10.0.2.2 |    0.0.0.0    |   enp0s3  |   UG  |[[0;32m  OK  [0m] 
Reached target Cloud-config availability.
[   20.213791] [[0;32m  OK  [0m] Listening on LXD - unix socket.cloud-init[974]: 
ci-info: |   1   |   10.0.2.0  | 0.0.0.0  | 255.255.255.0 |   enp0s3  |   U   |[[0;32m  OK  [0m] Listening on Socket activation for snappy daemon.

[[0;32m  OK  [0m[   20.252924] cloud-init[974]: ] Reached target Sockets.
[ci-info: +-------+-------------+----------+---------------+-----------+-------+[0;32m  OK  [0m] Reached target Basic System.

         [   20.285445] cloud-initStarting System Logging Service...
         Starting /etc/rc.local Compatibility...[974]: 
         Starting Accounts Service...
[ci-info: +++++++++++++++++++Route IPv6 info+++++++++++++++++++[0;32m  OK  [0m] Started D-Bus System Message Bus.

[   20.380077] cloud-init[974]: ci-info: +-------+-------------+---------+-----------+-------+
[   20.419415] cloud-init[974]: ci-info: | Route | Destination | Gateway | Interface | Flags |
         Starting LSB: Record successful boot for GRUB...[   20.446239] cloud-init
         Starting Virtualbox guest utils...
         Starting Login Service...
[974]: [[0;32m  OK  [0mci-info: +-------+-------------+---------+-----------+-------+] Started Regular background program processing daemon.
         Starting LSB: MD monitoring daemon...
         Starting LXD - container startup/shutdown...
[[0;32m  OK  [0m] Started FUSE filesystem for LXC.
         Starting Snap Daemon...

[[0;32m  OK  [0m] Started ACPI event daemon.
[[0;32m  OK  [0m] Started Deferred execution scheduler.
         Starting Pollinate to seed the pseudo random number generator...[   20.675117] 
[[0;32m  OK  [0m] Started System Logging Service.
[[0;32m  OK  [0m] Started iSCSI initiator daemon (iscsid).cloud-init
[[0;32m  OK  [0m] Started /etc/rc.local Compatibility.
[974]: ci-info: |   0   |  fe80::/64  |    ::   |   enp0s3  |   U   |         Starting Login to default iSCSI targets...
[[0;32m  OK  [0m] Started Login Service.
         
Starting Authenticate and Authorize Users to Run Privileged Tasks...
[[0;32m  OK  [0m] Started Unattended Upgrades Shutdown.
[   20.995097] [[0;32m  OK  [0m] Started LSB: Record successful boot for GRUB.
[[0;32m  OK  [0m] Started Login to default iSCSI targets.cloud-init
[[0;32m  OK  [0m] Started LSB: MD monitoring daemon.[974]: 
[[0;32m  OK  [0m] Reached target Remote File Systems (Pre).
[[0;32m  OK  [0m] Reached target Remote File Systems.
         Starting LSB: automatic crash report generation...ci-info: |   3   |   ff00::/8  |    ::   |   enp0s3  |   U   |
         Starting Permit User Sessions...
         Starting LSB: daemon to balance interrupts for SMP systems...
         Starting LSB: Set the CPU Frequency Scaling governor to "ondemand"...
[[0;32m  OK  [0m] Started Permit User Sessions.
[[0;32m  OK  [0m] Started Authenticate and Authorize Users to Run Privileged Tasks.
[[0;32m  OK  [0m] Started Accounts Service.
         Starting Hold until boot process finishes up...
         Starting Terminate Plymouth Boot Screen...
[[0;32m  OK  [0m] 
Started Hold until boot process finishes up.
[[0;32m  OK  [0m] Started Terminate Plymouth Boot Screen.
         Starting Set console scheme...
[[0;32m  OK  [0m] Started Serial Getty on ttyS0.
[[   21.326406] [0;32m  OK  [0m] Started Getty on tty1.
[[0;32m  OK  [0mcloud-init[974]: ci-info: +-------+-------------+---------+-----------+-------+] Reached target Login Prompts.
[[0;32m  OK  [0m] Started Set console scheme.
[[0;32m  OK  [0m] Started LSB: Set the CPU Frequency Scaling governor to "ondemand".

[   21.535614] cloud-init[[0;32m  OK  [0m] Started LSB: daemon to balance interrupts for SMP systems.
[974]: Generating public/private rsa key pair.
[   21.671326] cloud-init[974]: Your identification has been saved in /etc/ssh/ssh_host_rsa_key.
[   21.757729] cloud-init[974]: [[0;32m  OK  [0m] Started LSB: automatic crash report generation.
Your public key has been saved in /etc/ssh/ssh_host_rsa_key.pub.
[   21.877009] cloud-init[974]: The key fingerprint is:
[[0;32m  OK  [0m] Started LXD - container startup/shutdown.
[   21.946408] cloud-init[974]: SHA256:qIBuZGXQDYbzOpiBjTvWtilWcyUgU6r05bS7UPeaKm4 root@ubuntu-xenial[[0;32m  OK  [0m] Started Virtualbox guest utils.

[   22.036861] cloud-init[974]: The key's randomart image is:
[   22.095080] cloud-init[974]: +---[RSA 2048]----+
[   22.132567] cloud-init[974]: | .++o            |
[   22.177837] cloud-init[974]: | =+o .           |
[   22.221453] cloud-init[974]: |.==o.o           |
[   22.265295] cloud-init[974]: |*.=.+..o         |
[   22.302534] cloud-init[974]: |+*+. ++.S        |
[   22.339378] cloud-init[974]: |O+ *.oo .        |
[   22.384657] cloud-init[974]: |.++.*.   .       |
[   22.418341] cloud-init[974]: |.o E. . o        |
[   22.469234] cloud-init[974]: |. +..o.o         |
[   22.499107] cloud-init[974]: +----[SHA256]-----+
[   22.527883] cloud-init[974]: Generating public/private dsa key pair.
[   22.548332] cloud-init[974]: Your identification has been saved in /etc/ssh/ssh_host_dsa_key.
[   22.571808] cloud-init[974]: Your public key has been saved in /etc/ssh/ssh_host_dsa_key.pub.
[   22.598377] cloud-init[974]: The key fingerprint is:
[[0;32m  OK  [0m[   22.628718] cloud-init[974]: ] Started Snap Daemon.
         SHA256:8x7P4q3i2O5fr14PH+1KvG9Z2XGOOH5BXtCtvcJbX48 root@ubuntu-xenialStarting Wait until snapd is fully seeded...

[   22.685506] cloud-init[974]: The key's randomart image is:
[   22.717665] cloud-init[974]: +---[DSA 1024]----+
[   22.753656] cloud-init[974]: |               ..|
[   22.794669] cloud-init[974]: |              . o|
[   22.838546] cloud-init[974]: |               + |
[   22.868733] cloud-init[974]: |              o.+|
[   22.945555] cloud-init[974]: |        S   .+ +*|
[   22.990791] cloud-init[974]: |         o  o+++*|
[   23.008658] cloud-init[974]: |          o...O+B|
[   23.030099] cloud-init[974]: |       o...*.=EB=|
[   23.051092] cloud-init[974]: |      .+=+=+*o++=|
[   23.071027] cloud-init[974]: +----[SHA256]-----+
[   23.092736] cloud-init[974]: Generating public/private ecdsa key pair.
[   23.117387] cloud-init[974]: Your identification has been saved in /etc/ssh/ssh_host_ecdsa_key.
[   23.140720] cloud-init[974]: Your public key has been saved in /etc/ssh/ssh_host_ecdsa_key.pub.
[   23.162217] cloud-init[974]: The key fingerprint is:
[   23.192989] cloud-init[974]: SHA256:XPWE1hnusKdYvcmsea8ofebrCIPqevGINiCeXi29ny0 root@ubuntu-xenial
[   23.216078] cloud-init[974]: The key's randomart image is:
[   23.239162] cloud-init[974]: +---[ECDSA 256]---+
[   23.262286] cloud-init[974]: |            .ooo |
[   23.284873] cloud-init[974]: |           .o+o  |
[   23.303380] cloud-init[974]: |          ... o  |
[   23.324740] cloud-init[974]: |       . .   =   |
[   23.344598] cloud-init[974]: |        S   o +  |
[   23.364740] cloud-init[974]: |. . o .  . o = o |
[   23.388034] cloud-init[974]: |...+ + +. +.. =  |
[   23.407776] cloud-init[974]: | o. = +E+ .o.=+  |
[   23.426424] cloud-init[974]: |.. ..*+o.. .=*=+.|
[   23.452831] cloud-init[974]: +----[SHA256]-----+
[   23.476932] cloud-init[974]: Generating public/private ed25519 key pair.
[   23.502378] cloud-init[974]: Your identification has been saved in /etc/ssh/ssh_host_ed25519_key.
[   23.528414] cloud-init[974]: Your public key has been saved in /etc/ssh/ssh_host_ed25519_key.pub.
[   23.552385] cloud-init[974]: The key fingerprint is:
[   23.579026] cloud-init[974]: SHA256:OpG1JwAqdHfrrCEgJFPcGUeR6iXzVEi2gpIsGYp9IsI root@ubuntu-xenial
[   23.609662] cloud-init[974]: The key's randomart image is:
[   23.632266] cloud-init[974]: +--[ED25519 256]--+
[   23.653086] cloud-init[974]: |+=.oo**=         |
[   23.676625] cloud-init[974]: |O*oo+++.o        |
[   23.710746] cloud-init[974]: |%E= o.oo.        |
[   23.756696] cloud-init[974]: |++.o+.=+ .       |
[   23.789451] cloud-init[974]: |   o BooS .      |
[   23.832361] cloud-init[974]: |    o +o o       |
[   23.869968] cloud-init[974]: |     .o          |
[[   23.897151] cloud-init[974]: [0;32m  OK  [0m] |       .         |
Started Pollinate to seed the pseudo random number generator.[   23.918282] cloud-init[974]: |                 |
         Starting OpenBSD Secure Shell server...
[   23.934509] cloud-init
[974]: +----[SHA256]-----+
[[0;32m  OK  [0m] Started OpenBSD Secure Shell server.
[[0;32m  OK  [0m] Created slice User Slice of vagrant.
[[0;32m  OK  [0m] Started Session 1 of user vagrant.
         Starting User Manager for UID 1000...
[[0;32m  OK  [0m] Started User Manager for UID 1000.
[[0;32m  OK  [0m] Started Wait until snapd is fully seeded.
         Starting Apply the settings specified in cloud-config...
[[0;32m  OK  [0m] Reached target Multi-User System.
[[0;32m  OK  [0m] Reached target Graphical Interface.
         Starting Update UTMP about System Runlevel Changes...
[[0;32m  OK  [0m] Started Update UTMP about System Runlevel Changes.
[   27.627318] cloud-init[1423]: Generating locales (this might take a while)...

Ubuntu 16.04.7 LTS ubuntu-xenial ttyS0

ubuntu-xenial login: [   30.480414] cloud-init[1423]:   en_US.UTF-8... done
[   30.514072] cloud-init[1423]: Generation complete.
[   31.254477] cloud-init[1423]: Cloud-init v. 21.1-19-gbad84ad4-0ubuntu1~16.04.2 running 'modules:config' at Fri, 24 May 2024 13:25:57 +0000. Up 27.28 seconds.
ci-info: no authorized SSH keys fingerprints found for user ubuntu.
<14>May 24 13:26:02 ec2: 
<14>May 24 13:26:02 ec2: #############################################################
<14>May 24 13:26:02 ec2: -----BEGIN SSH HOST KEY FINGERPRINTS-----
<14>May 24 13:26:02 ec2: 1024 SHA256:8x7P4q3i2O5fr14PH+1KvG9Z2XGOOH5BXtCtvcJbX48 root@ubuntu-xenial (DSA)
<14>May 24 13:26:02 ec2: 256 SHA256:XPWE1hnusKdYvcmsea8ofebrCIPqevGINiCeXi29ny0 root@ubuntu-xenial (ECDSA)
<14>May 24 13:26:02 ec2: 256 SHA256:OpG1JwAqdHfrrCEgJFPcGUeR6iXzVEi2gpIsGYp9IsI root@ubuntu-xenial (ED25519)
<14>May 24 13:26:02 ec2: 2048 SHA256:qIBuZGXQDYbzOpiBjTvWtilWcyUgU6r05bS7UPeaKm4 root@ubuntu-xenial (RSA)
<14>May 24 13:26:02 ec2: -----END SSH HOST KEY FINGERPRINTS-----
<14>May 24 13:26:02 ec2: #############################################################
-----BEGIN SSH HOST KEY KEYS-----
ecdsa-sha2-nistp256 AAAAE2VjZHNhLXNoYTItbmlzdHAyNTYAAAAIbmlzdHAyNTYAAABBBNpio30TZop/eSIYKTecAESPr2QejqqlYjSBAZ4b7iNCTnchhL7IYlxtif6T5nHHY4xt91cjvF2wnjIf0eYtyV8= root@ubuntu-xenial
ssh-ed25519 AAAAC3NzaC1lZDI1NTE5AAAAICcCWMxEfl8RYVyEEgFu9W6i6m5NFuZLFJllSDTErAPy root@ubuntu-xenial
ssh-rsa AAAAB3NzaC1yc2EAAAADAQABAAABAQCuH3RyfQK728D9dF7Uzea7knSR0EVw6+JRMyHyg68w4SrKgtBPTqNS6vxprGFnuhKn3xgsTvlZ7xh/B6VVjB+plhDQQJiGw9lktVmfFY3XbPC2CBGU4x644VnfPtHi+T57oxaRtRBfUr/4PNko41D8euzjfPsp/sZYDNCymE/IL4zLRFXBK/lifj2oELrfawH0JZDzpwcu10FyABLxdvNbF+9tSHNdHXkeiJoExB9HuhZ2WKuHylkVxajyChE6lTUtdyDl8Q1EOlckO9mjALN0ErmIG6duWxdbD4tVJvunGd3aFyos8O+AI+D4ggWwM9Krto5xge/vtj3xZ0yvdv8D root@ubuntu-xenial
-----END SSH HOST KEY KEYS-----
[   32.166757] cloud-init[1616]: Cloud-init v. 21.1-19-gbad84ad4-0ubuntu1~16.04.2 running 'modules:final' at Fri, 24 May 2024 13:26:01 +0000. Up 31.77 seconds.
[   32.210073] cloud-init[1616]: ci-info: no authorized SSH keys fingerprints found for user ubuntu.
[   32.236219] cloud-init[1616]: Cloud-init v. 21.1-19-gbad84ad4-0ubuntu1~16.04.2 finished at Fri, 24 May 2024 13:26:02 +0000. Datasource DataSourceNoCloud [seed=/dev/sdb][dsmode=net].  Up 32.15 seconds
