Windows PowerShell
Copyright (C) Microsoft Corporation. Tous droits réservés.

Testez le nouveau système multiplateforme PowerShell https://aka.ms/pscore6

PS C:\Users\STUXNET\OneDrive\Bureau\vagrant-labs\lab9> vagrant init -m
A `Vagrantfile` has been placed in this directory. You are now
ready to `vagrant up` your first virtual environment! Please read
the comments in the Vagrantfile as well as documentation on
`vagrantup.com` for more information on using Vagrant.
PS C:\Users\STUXNET\OneDrive\Bureau\vagrant-labs\lab9> vagrant up
Bringing machine 'default' up with 'virtualbox' provider...
==> default: Importing base box 'ubuntu/xenial64'...
==> default: Matching MAC address for NAT networking...
==> default: Checking if box 'ubuntu/xenial64' version '20211001.0.0' is upto date...
==> default: Setting the name of the VM: lab9_default_1716802830983_87159
==> default: Clearing any previously set network interfaces...
==> default: Preparing network interfaces based on configuration...
    default: Adapter 1: nat
    default: Adapter 2: hostonly
==> default: Forwarding ports...
    default: 22 (guest) => 2222 (host) (adapter 1)
==> default: Running 'pre-boot' VM customizations...
==> default: Booting VM...
==> default: Waiting for machine to boot. This may take a few minutes...
    default: SSH address: 127.0.0.1:2222
    default: SSH username: vagrant
    default: SSH auth method: private key
    default:
    default: Vagrant insecure key detected. Vagrant will automatically replace
    default: this with a newly generated keypair for better security.
    default:
    default: Inserting generated public key within guest...
    default: Removing insecure key from the guest if it's present...
    default: Key inserted! Disconnecting and reconnecting using new SSH key...
==> default: Machine booted and ready!
==> default: Checking for guest additions in VM...
    default: The guest additions on this VM do not match the installed version of
    default: VirtualBox! In most cases this is fine, but in rare cases it can
    default: prevent things such as shared folders from working properly. If you see
    default: shared folder errors, please make sure the guest additions within the
    default: virtual machine match the version of VirtualBox you have installed on
    default: your host and reload your VM.
    default:
    default: Guest Additions Version: 5.1.38
    default: VirtualBox Version: 7.0
==> default: [vagrant-hostsupdater] Checking for host entries
==> default: Configuring and enabling network interfaces...
==> default: Mounting shared folders...
    default: /vagrant => C:/Users/STUXNET/OneDrive/Bureau/vagrant-labs/lab9
==> default: Running provisioner: ansible_local...
    default: Installing Ansible...
Vagrant gathered an unknown Ansible version:


and falls back on the compatibility mode '1.8'.

Alternatively, the compatibility mode can be specified in your Vagrantfile:
https://www.vagrantup.com/docs/provisioning/ansible_common.html#compatibility_mode
    default: Running ansible-playbook...

PLAY [Installer et démarrer nginx] *********************************************

TASK [Gathering Facts] *********************************************************
[DEPRECATION WARNING]: Distribution Ubuntu 16.04 on host default should use
/usr/bin/python3, but is using /usr/bin/python for backward compatibility with
prior Ansible releases. A future Ansible release will default to using the
discovered platform python for this host. See https://docs.ansible.com/ansible/
2.9/reference_appendices/interpreter_discovery.html for more information. This
feature will be removed in version 2.12. Deprecation warnings can be disabled
by setting deprecation_warnings=False in ansible.cfg.
ok: [default]

TASK [Mettre à jour les paquets APT] *******************************************
changed: [default]
[WARNING]: Updating cache and auto-installing missing dependency: python-apt

TASK [Installer nginx] *********************************************************
changed: [default]

TASK [Démarrer nginx] **********************************************************
ok: [default]

PLAY RECAP *********************************************************************
default                    : ok=4    changed=2    unreachable=0    failed=0   skipped=0    rescued=0    ignored=0

PS C:\Users\STUXNET\OneDrive\Bureau\vagrant-labs\lab9>
