[    0.000000] Initializing cgroup subsys cpuset
[    0.000000] Initializing cgroup subsys cpu
[    0.000000] Initializing cgroup subsys cpuacct
[    0.000000] Linux version 4.4.0-210-generic (buildd@lgw01-amd64-009) (gcc version 5.4.0 20160609 (Ubuntu 5.4.0-6ubuntu1~16.04.12) ) #242-Ubuntu SMP Fri Apr 16 09:57:56 UTC 2021 (Ubuntu 4.4.0-210.242-generic 4.4.262)
[    0.000000] Command line: BOOT_IMAGE=/boot/vmlinuz-4.4.0-210-generic root=LABEL=cloudimg-rootfs ro console=tty1 console=ttyS0
[    0.000000] KERNEL supported cpus:
[    0.000000]   Intel GenuineIntel
[    0.000000]   AMD AuthenticAMD
[    0.000000]   Centaur CentaurHauls
[    0.000000] x86/fpu: Legacy x87 FPU detected.
[    0.000000] e820: BIOS-provided physical RAM map:
[    0.000000] BIOS-e820: [mem 0x0000000000000000-0x000000000009fbff] usable
[    0.000000] BIOS-e820: [mem 0x000000000009fc00-0x000000000009ffff] reserved
[    0.000000] BIOS-e820: [mem 0x00000000000f0000-0x00000000000fffff] reserved
[    0.000000] BIOS-e820: [mem 0x0000000000100000-0x000000003ffeffff] usable
[    0.000000] BIOS-e820: [mem 0x000000003fff0000-0x000000003fffffff] ACPI data
[    0.000000] BIOS-e820: [mem 0x00000000fec00000-0x00000000fec00fff] reserved
[    0.000000] BIOS-e820: [mem 0x00000000fee00000-0x00000000fee00fff] reserved
[    0.000000] BIOS-e820: [mem 0x00000000fffc0000-0x00000000ffffffff] reserved
[    0.000000] NX (Execute Disable) protection: active
[    0.000000] SMBIOS 2.5 present.
[    0.000000] Hypervisor detected: KVM
[    0.000000] e820: last_pfn = 0x3fff0 max_arch_pfn = 0x400000000
[    0.000000] MTRR: Disabled
[    0.000000] x86/PAT: MTRRs disabled, skipping PAT initialization too.
[    0.000000] CPU MTRRs all blank - virtualized system.
[    0.000000] x86/PAT: Configuration [0-7]: WB  WT  UC- UC  WB  WT  UC- UC  
[    0.000000] found SMP MP-table at [mem 0x0009fff0-0x0009ffff] mapped at [ffff88000009fff0]
[    0.000000] Scanning 1 areas for low memory corruption
[    0.000000] RAMDISK: [mem 0x362dc000-0x37165fff]
[    0.000000] ACPI: Early table checksum verification disabled
[    0.000000] ACPI: RSDP 0x00000000000E0000 000024 (v02 VBOX  )
[    0.000000] ACPI: XSDT 0x000000003FFF0030 00003C (v01 VBOX   VBOXXSDT 00000001 ASL  00000061)
[    0.000000] ACPI: FACP 0x000000003FFF00F0 0000F4 (v04 VBOX   VBOXFACP 00000001 ASL  00000061)
[    0.000000] ACPI: DSDT 0x000000003FFF0610 002353 (v02 VBOX   VBOXBIOS 00000002 INTL 20100528)
[    0.000000] ACPI: FACS 0x000000003FFF0200 000040
[    0.000000] ACPI: FACS 0x000000003FFF0200 000040
[    0.000000] ACPI: APIC 0x000000003FFF0240 000054 (v02 VBOX   VBOXAPIC 00000001 ASL  00000061)
[    0.000000] ACPI: SSDT 0x000000003FFF02A0 00036C (v01 VBOX   VBOXCPUT 00000002 INTL 20100528)
[    0.000000] No NUMA configuration found
[    0.000000] Faking a node at [mem 0x0000000000000000-0x000000003ffeffff]
[    0.000000] NODE_DATA(0) allocated [mem 0x3ffeb000-0x3ffeffff]
[    0.000000] kvm-clock: Using msrs 4b564d01 and 4b564d00
[    0.000000] kvm-clock: cpu 0, msr 0:3ffe3001, primary cpu clock
[    0.000000] kvm-clock: using sched offset of 3893978026 cycles
[    0.000000] clocksource: kvm-clock: mask: 0xffffffffffffffff max_cycles: 0x1cd42e4dffb, max_idle_ns: 881590591483 ns
[    0.000000] Zone ranges:
[    0.000000]   DMA      [mem 0x0000000000001000-0x0000000000ffffff]
[    0.000000]   DMA32    [mem 0x0000000001000000-0x000000003ffeffff]
[    0.000000]   Normal   empty
[    0.000000]   Device   empty
[    0.000000] Movable zone start for each node
[    0.000000] Early memory node ranges
[    0.000000]   node   0: [mem 0x0000000000001000-0x000000000009efff]
[    0.000000]   node   0: [mem 0x0000000000100000-0x000000003ffeffff]
[    0.000000] Initmem setup node 0 [mem 0x0000000000001000-0x000000003ffeffff]
[    0.000000] ACPI: PM-Timer IO Port: 0x4008
[    0.000000] IOAPIC[0]: apic_id 1, version 32, address 0xfec00000, GSI 0-23
[    0.000000] ACPI: INT_SRC_OVR (bus 0 bus_irq 0 global_irq 2 dfl dfl)
[    0.000000] ACPI: INT_SRC_OVR (bus 0 bus_irq 9 global_irq 9 low level)
[    0.000000] Using ACPI (MADT) for SMP configuration information
[    0.000000] smpboot: Allowing 1 CPUs, 0 hotplug CPUs
[    0.000000] PM: Registered nosave memory: [mem 0x00000000-0x00000fff]
[    0.000000] PM: Registered nosave memory: [mem 0x0009f000-0x0009ffff]
[    0.000000] PM: Registered nosave memory: [mem 0x000a0000-0x000effff]
[    0.000000] PM: Registered nosave memory: [mem 0x000f0000-0x000fffff]
[    0.000000] e820: [mem 0x40000000-0xfebfffff] available for PCI devices
[    0.000000] Booting paravirtualized kernel on KVM
[    0.000000] clocksource: refined-jiffies: mask: 0xffffffff max_cycles: 0xffffffff, max_idle_ns: 7645519600211568 ns
[    0.000000] setup_percpu: NR_CPUS:512 nr_cpumask_bits:512 nr_cpu_ids:1 nr_node_ids:1
[    0.000000] PERCPU: Embedded 33 pages/cpu @ffff88003fc00000 s95192 r8192 d31784 u2097152
[    0.000000] Built 1 zonelists in Node order, mobility grouping on.  Total pages: 257912
[    0.000000] Policy zone: DMA32
[    0.000000] Kernel command line: BOOT_IMAGE=/boot/vmlinuz-4.4.0-210-generic root=LABEL=cloudimg-rootfs ro console=tty1 console=ttyS0
[    0.000000] PID hash table entries: 4096 (order: 3, 32768 bytes)
[    0.000000] Memory: 997924K/1048120K available (8644K kernel code, 1332K rwdata, 4044K rodata, 1492K init, 1164K bss, 50196K reserved, 0K cma-reserved)
[    0.000000] SLUB: HWalign=64, Order=0-3, MinObjects=0, CPUs=1, Nodes=1
[    0.000000] Kernel/User page tables isolation: enabled
[    0.000000] Hierarchical RCU implementation.
[    0.000000] 	Build-time adjustment of leaf fanout to 64.
[    0.000000] 	RCU restricting CPUs from NR_CPUS=512 to nr_cpu_ids=1.
[    0.000000] RCU: Adjusting geometry for rcu_fanout_leaf=64, nr_cpu_ids=1
[    0.000000] NR_IRQS:33024 nr_irqs:256 16
[    0.000000] Console: colour VGA+ 80x25
[    0.000000] console [tty1] enabled
[    0.000000] console [ttyS0] enabled
[    0.000000] tsc: Detected 2304.000 MHz processor
[    0.980464] Calibrating delay loop (skipped) preset value.. 4608.00 BogoMIPS (lpj=9216000)
[    0.997527] pid_max: default: 32768 minimum: 301
[    1.009301] ACPI: Core revision 20150930
[    1.020298] ACPI: 2 ACPI AML tables successfully acquired and loaded
[    1.035264] Security Framework initialized
[    1.041822] Yama: becoming mindful.
[    1.050635] AppArmor: AppArmor initialized
[    1.061815] Dentry cache hash table entries: 131072 (order: 8, 1048576 bytes)
[    1.085327] Inode-cache hash table entries: 65536 (order: 7, 524288 bytes)
[    1.105644] Mount-cache hash table entries: 2048 (order: 2, 16384 bytes)
[    1.120911] Mountpoint-cache hash table entries: 2048 (order: 2, 16384 bytes)
[    1.137309] Initializing cgroup subsys io
[    1.146170] Initializing cgroup subsys memory
[    1.157463] Initializing cgroup subsys devices
[    1.168235] Initializing cgroup subsys freezer
[    1.176122] Initializing cgroup subsys net_cls
[    1.183429] Initializing cgroup subsys perf_event
[    1.190149] Initializing cgroup subsys net_prio
[    1.201282] Initializing cgroup subsys hugetlb
[    1.210144] Initializing cgroup subsys pids
[    1.244886] mce: CPU supports 0 MCE banks
[    1.255971] Last level iTLB entries: 4KB 128, 2MB 8, 4MB 8
[    1.269749] Last level dTLB entries: 4KB 64, 2MB 0, 4MB 0, 1GB 4
[    1.284969] Spectre V1 : Mitigation: usercopy/swapgs barriers and __user pointer sanitization
[    1.305868] Spectre V2 : Mitigation: Full generic retpoline
[    1.320900] Spectre V2 : Spectre v2 / SpectreRSB mitigation: Filling RSB on context switch
[    1.339973] Speculative Store Bypass: Vulnerable
[    1.349353] SRBDS: Unknown: Dependent on hypervisor status
[    1.364803] MDS: Mitigation: Clear CPU buffers
[    1.891155] Freeing SMP alternatives memory: 36K
[    2.124266] ftrace: allocating 32380 entries in 127 pages
[    3.547841] smpboot: APIC(0) Converting physical 0 to logical package 0
[    3.567163] smpboot: Max logical packages: 1
[    3.597333] ..TIMER: vector=0x30 apic1=0 pin1=2 apic2=-1 pin2=-1
[    3.716278] smpboot: CPU0: Intel(R) Core(TM) i5-6300HQ CPU @ 2.30GHz (family: 0x6, model: 0x5e, stepping: 0x3)
[    3.737555] Performance Events: unsupported p6 CPU model 94 no PMU driver, software events only.
[    3.960663] KVM setup paravirtual spinlock
[    3.969799] x86: Booted up 1 node, 1 CPUs
[    3.976613] smpboot: Total of 1 processors activated (4608.00 BogoMIPS)
[    3.992307] devtmpfs: initialized
[    4.013805] evm: security.selinux
[    4.030247] evm: security.SMACK64
[    4.037640] evm: security.SMACK64EXEC
[    4.044322] evm: security.SMACK64TRANSMUTE
[    4.054855] evm: security.SMACK64MMAP
[    4.061665] evm: security.ima
[    4.066553] evm: security.capability
[    4.072166] clocksource: jiffies: mask: 0xffffffff max_cycles: 0xffffffff, max_idle_ns: 7645041785100000 ns
[    4.088498] futex hash table entries: 256 (order: 2, 16384 bytes)
[    4.097856] pinctrl core: initialized pinctrl subsystem
[    4.107564] RTC time:  9:40:49, date: 05/27/24
[    4.114795] NET: Registered protocol family 16
[    4.123030] cpuidle: using governor ladder
[    4.129251] cpuidle: using governor menu
[    4.135275] PCCT header not found.
[    4.141262] ACPI: bus type PCI registered
[    4.147549] acpiphp: ACPI Hot Plug PCI Controller Driver version: 0.5
[    4.157772] PCI: Using configuration type 1 for base access
[    4.170284] ACPI: Added _OSI(Module Device)
[    4.178805] ACPI: Added _OSI(Processor Device)
[    4.186075] ACPI: Added _OSI(3.0 _SCP Extensions)
[    4.196600] ACPI: Added _OSI(Processor Aggregator Device)
[    4.208383] ACPI: Executed 1 blocks of module-level executable AML code
[    4.224228] ACPI: Interpreter enabled
[    4.230414] ACPI: (supports S0 S5)
[    4.235521] ACPI: Using IOAPIC for interrupt routing
[    4.244703] PCI: Using host bridge windows from ACPI; if necessary, use "pci=nocrs" and report a bug
[    4.269551] ACPI: PCI Root Bridge [PCI0] (domain 0000 [bus 00-ff])
[    4.278990] acpi PNP0A03:00: _OSC: OS supports [ASPM ClockPM Segments MSI]
[    4.291548] acpi PNP0A03:00: _OSC: not requesting OS control; OS requires [ExtendedConfig ASPM ClockPM MSI]
[    4.306583] acpi PNP0A03:00: fail to add MMCONFIG information, can't access extended PCI configuration space under this bridge.
[    4.323959] PCI host bridge to bus 0000:00
[    4.330523] pci_bus 0000:00: root bus resource [io  0x0000-0x0cf7 window]
[    4.340492] pci_bus 0000:00: root bus resource [io  0x0d00-0xffff window]
[    4.350554] pci_bus 0000:00: root bus resource [mem 0x000a0000-0x000bffff window]
[    4.361519] pci_bus 0000:00: root bus resource [mem 0x40000000-0xfdffffff window]
[    4.373234] pci_bus 0000:00: root bus resource [bus 00-ff]
[    4.391694] pci 0000:00:01.1: legacy IDE quirk: reg 0x10: [io  0x01f0-0x01f7]
[    4.402561] pci 0000:00:01.1: legacy IDE quirk: reg 0x14: [io  0x03f6]
[    4.412652] pci 0000:00:01.1: legacy IDE quirk: reg 0x18: [io  0x0170-0x0177]
[    4.422743] pci 0000:00:01.1: legacy IDE quirk: reg 0x1c: [io  0x0376]
[    4.464536] pci 0000:00:07.0: quirk: [io  0x4000-0x403f] claimed by PIIX4 ACPI
[    4.474872] pci 0000:00:07.0: quirk: [io  0x4100-0x410f] claimed by PIIX4 SMB
[    4.500965] ACPI: PCI Interrupt Link [LNKA] (IRQs 5 9 10 *11)
[    4.512837] ACPI: PCI Interrupt Link [LNKB] (IRQs 5 9 *10 11)
[    4.523607] ACPI: PCI Interrupt Link [LNKC] (IRQs 5 *9 10 11)
[    4.534733] ACPI: PCI Interrupt Link [LNKD] (IRQs 5 9 10 *11)
[    4.547055] ACPI: Enabled 2 GPEs in block 00 to 07
[    4.556578] vgaarb: setting as boot device: PCI:0000:00:02.0
[    4.594902] vgaarb: device added: PCI:0000:00:02.0,decodes=io+mem,owns=io+mem,locks=none
[    4.608948] vgaarb: loaded
[    4.613483] vgaarb: bridge control possible 0000:00:02.0
[    4.627305] SCSI subsystem initialized
[    4.633911] ACPI: bus type USB registered
[    4.641189] usbcore: registered new interface driver usbfs
[    4.650317] usbcore: registered new interface driver hub
[    4.659689] usbcore: registered new device driver usb
[    4.668219] PCI: Using ACPI for IRQ routing
[    4.676419] NetLabel: Initializing
[    4.682647] NetLabel:  domain hash size = 128
[    4.690986] NetLabel:  protocols = UNLABELED CIPSOv4
[    4.698844] NetLabel:  unlabeled traffic allowed by default
[    4.708192] amd_nb: Cannot enumerate AMD northbridges
[    4.716257] clocksource: Switched to clocksource kvm-clock
[    4.767282] AppArmor: AppArmor Filesystem Enabled
[    4.774503] pnp: PnP ACPI init
[    4.782790] pnp: PnP ACPI: found 3 devices
[    4.799502] clocksource: acpi_pm: mask: 0xffffff max_cycles: 0xffffff, max_idle_ns: 2085701024 ns
[    4.814013] NET: Registered protocol family 2
[    4.821702] TCP established hash table entries: 8192 (order: 4, 65536 bytes)
[    4.832867] TCP bind hash table entries: 8192 (order: 5, 131072 bytes)
[    4.843705] TCP: Hash tables configured (established 8192 bind 8192)
[    4.853498] UDP hash table entries: 512 (order: 2, 16384 bytes)
[    4.863737] UDP-Lite hash table entries: 512 (order: 2, 16384 bytes)
[    4.874576] NET: Registered protocol family 1
[    4.881520] pci 0000:00:00.0: Limiting direct PCI/PCI transfers
[    4.891146] pci 0000:00:01.0: Activating ISA DMA hang workarounds
[    4.903114] Unpacking initramfs...
[    5.467571] Freeing initrd memory: 14888K
[    5.476548] clocksource: tsc: mask: 0xffffffffffffffff max_cycles: 0x2135f7c97c8, max_idle_ns: 440795273205 ns
[    5.489808] platform rtc_cmos: registered platform RTC device (no PNP device found)
[    5.500751] Scanning for low memory corruption every 60 seconds
[    5.509340] audit: initializing netlink subsys (disabled)
[    5.517239] audit: type=2000 audit(1716802852.693:1): initialized
[    5.525833] Initialise system trusted keyring
[    5.533141] HugeTLB registered 2 MB page size, pre-allocated 0 pages
[    5.545919] zbud: loaded
[    5.550317] VFS: Disk quotas dquot_6.6.0
[    5.556891] VFS: Dquot-cache hash table entries: 512 (order 0, 4096 bytes)
[    5.566792] squashfs: version 4.0 (2009/01/31) Phillip Lougher
[    5.576231] fuse init (API version 7.23)
[    5.583164] Key type big_key registered
[    5.589604] Allocating IMA MOK and blacklist keyrings.
[    5.599803] Key type asymmetric registered
[    5.606288] Asymmetric key parser 'x509' registered
[    5.614056] Block layer SCSI generic (bsg) driver version 0.4 loaded (major 249)
[    5.630963] io scheduler noop registered
[    5.637243] io scheduler deadline registered (default)
[    5.645807] io scheduler cfq registered
[    5.652227] pci_hotplug: PCI Hot Plug PCI Core version: 0.5
[    5.660661] pciehp: PCI Express Hot Plug Controller Driver version: 0.4
[    5.671975] ACPI: AC Adapter [AC] (on-line)
[    5.679271] input: Power Button as /devices/LNXSYSTM:00/LNXPWRBN:00/input/input0
[    5.690363] ACPI: Power Button [PWRF]
[    5.696585] input: Sleep Button as /devices/LNXSYSTM:00/LNXSLPBN:00/input/input1
[    5.708403] ACPI: Sleep Button [SLPF]
[    5.716547] ACPI: Battery Slot [BAT0] (battery present)
[    5.724515] GHES: HEST is not enabled!
[    5.732122] Serial: 8250/16550 driver, 32 ports, IRQ sharing enabled
[    5.780815] 00:02: ttyS0 at I/O 0x3f8 (irq = 4, base_baud = 115200) is a 16550A
[    5.794358] Linux agpgart interface v0.103
[    5.808350] loop: module loaded
[    5.817760] scsi host0: ata_piix
[    5.823109] scsi host1: ata_piix
[    5.828298] ata1: PATA max UDMA/33 cmd 0x1f0 ctl 0x3f6 bmdma 0xd000 irq 14
[    5.839627] ata2: PATA max UDMA/33 cmd 0x170 ctl 0x376 bmdma 0xd008 irq 15
[    5.853025] libphy: Fixed MDIO Bus: probed
[    5.860200] tun: Universal TUN/TAP device driver, 1.6
[    5.867930] tun: (C) 1999-2004 Max Krasnyansky <maxk@qualcomm.com>
[    5.877721] PPP generic driver version 2.4.2
[    5.884004] ehci_hcd: USB 2.0 'Enhanced' Host Controller (EHCI) Driver
[    5.894055] ehci-pci: EHCI PCI platform driver
[    5.903000] ehci-platform: EHCI generic platform driver
[    5.911286] ohci_hcd: USB 1.1 'Open' Host Controller (OHCI) Driver
[    5.921255] ohci-pci: OHCI PCI platform driver
[    5.928415] ohci-platform: OHCI generic platform driver
[    5.938492] uhci_hcd: USB Universal Host Controller Interface driver
[    5.947701] i8042: PNP: PS/2 Controller [PNP0303:PS2K,PNP0f03:PS2M] at 0x60,0x64 irq 1,12
[    5.965278] serio: i8042 KBD port at 0x60,0x64 irq 1
[    5.973581] serio: i8042 AUX port at 0x60,0x64 irq 12
[    5.982737] mousedev: PS/2 mouse device common for all mice
[    5.994132] input: AT Translated Set 2 keyboard as /devices/platform/i8042/serio0/input/input2
[    6.090240] rtc_cmos rtc_cmos: rtc core: registered rtc_cmos as rtc0
[    6.100698] rtc_cmos rtc_cmos: alarms up to one day, 114 bytes nvram
[    6.111659] i2c /dev entries driver
[    6.117350] device-mapper: uevent: version 1.0.3
[    6.124974] device-mapper: ioctl: 4.34.0-ioctl (2015-10-28) initialised: dm-devel@redhat.com
[    6.140031] ledtrig-cpu: registered to indicate activity on CPUs
[    6.150715] NET: Registered protocol family 10
[    6.158987] NET: Registered protocol family 17
[    6.166589] Key type dns_resolver registered
[    6.175563] registered taskstats version 1
[    6.182759] Loading compiled-in X.509 certificates
[    6.191350] Loaded X.509 cert 'Build time autogenerated kernel key: cf00e047681d67edb2720680708b7d9498083038'
[    6.208876] zswap: loaded using pool lzo/zbud
[    6.219300] Key type trusted registered
[    6.231862] Key type encrypted registered
[    6.238749] AppArmor: AppArmor sha1 policy hashing enabled
[    6.247825] ima: No TPM chip found, activating TPM-bypass!
[    6.258835] ima: Allocated hash algorithm: sha1
[    6.271677] evm: HMAC attrs: 0x1
[    6.286350]   Magic number: 8:110:678
[    6.296709] rtc_cmos rtc_cmos: setting system clock to 2024-05-27 09:40:51 UTC (1716802851)
[    6.317974] BIOS EDD facility v0.16 2004-Jun-25, 0 devices found
[    6.327776] EDD information not available.
[    6.338453] Freeing unused kernel memory: 1492K
[    6.346090] Write protecting the kernel read-only data: 14336k
[    6.354976] Freeing unused kernel memory: 1584K
[    6.362424] Freeing unused kernel memory: 52K
Loading, please wait...
starting version 229
[    6.398218] random: systemd-udevd: uninitialized urandom read (16 bytes read, 11 bits of entropy available)
[    6.414246] random: udevadm: uninitialized urandom read (16 bytes read, 11 bits of entropy available)
[    6.428001] random: systemd-udevd: uninitialized urandom read (16 bytes read, 11 bits of entropy available)
[    6.444815] random: udevadm: uninitialized urandom read (16 bytes read, 11 bits of entropy available)
[    6.468272] random: systemd-udevd: uninitialized urandom read (16 bytes read, 11 bits of entropy available)
[    6.495148] random: udevadm: uninitialized urandom read (16 bytes read, 11 bits of entropy available)
[    6.512684] random: systemd-udevd: uninitialized urandom read (16 bytes read, 11 bits of entropy available)
[    6.529550] random: systemd-udevd: uninitialized urandom read (16 bytes read, 11 bits of entropy available)
[    6.546857] random: udevadm: uninitialized urandom read (16 bytes read, 11 bits of entropy available)
[    6.561980] random: udevadm: uninitialized urandom read (16 bytes read, 11 bits of entropy available)
[    6.742186] Fusion MPT base driver 3.04.20
[    6.748331] Copyright (c) 1999-2008 LSI Corporation
[    6.763969] e1000: Intel(R) PRO/1000 Network Driver - version 7.3.21-k8-NAPI
[    6.775259] e1000: Copyright (c) 1999-2006 Intel Corporation.
[    6.859225] SSE version of gcm_enc/dec engaged.
[    6.888021] Fusion MPT SPI Host driver 3.04.20
[    7.112801] input: ImExPS/2 Generic Explorer Mouse as /devices/platform/i8042/serio1/input/input4
[    7.873423] e1000 0000:00:03.0 eth0: (PCI:33MHz:32-bit) 02:be:82:6b:cc:1d
[    7.883506] e1000 0000:00:03.0 eth0: Intel(R) PRO/1000 Network Connection
[    7.895330] mptbase: ioc0: Initiating bringup
[    7.979679] ioc0: LSI53C1030 A0: Capabilities={Initiator}
[    8.169880] scsi host2: ioc0: LSI53C1030 A0, FwRev=00000000h, Ports=1, MaxQ=256, IRQ=20
[    8.297600] scsi 2:0:0:0: Direct-Access     VBOX     HARDDISK         1.0  PQ: 0 ANSI: 5
[    8.313662] scsi target2:0:0: Beginning Domain Validation
[    8.332277] scsi target2:0:0: Domain Validation skipping write tests
[    8.342556] scsi target2:0:0: Ending Domain Validation
[    8.372825] scsi target2:0:0: asynchronous
[    8.416982] scsi 2:0:1:0: Direct-Access     VBOX     HARDDISK         1.0  PQ: 0 ANSI: 5
[    8.440173] scsi target2:0:1: Beginning Domain Validation
[    8.520702] scsi target2:0:1: Domain Validation skipping write tests
[    8.539318] scsi target2:0:1: Ending Domain Validation
[    8.592817] scsi target2:0:1: asynchronous
[    8.741170] sd 2:0:0:0: Attached scsi generic sg0 type 0
[    8.750006] sd 2:0:0:0: [sda] 83886080 512-byte logical blocks: (42.9 GB/40.0 GiB)
[    8.780371] sd 2:0:1:0: [sdb] 20480 512-byte logical blocks: (10.5 MB/10.0 MiB)
[    8.791358] sd 2:0:1:0: Attached scsi generic sg1 type 0
[    8.802347] sd 2:0:0:0: [sda] Write Protect is off
[    8.811618] sd 2:0:1:0: [sdb] Write Protect is off
[    8.833174] sd 2:0:0:0: [sda] Incomplete mode parameter data
[    8.842405] sd 2:0:0:0: [sda] Assuming drive cache: write through
[    8.863051] sd 2:0:1:0: [sdb] Incomplete mode parameter data
[    8.876684] sd 2:0:1:0: [sdb] Assuming drive cache: write through
[    8.901437]  sda: sda1
[    8.919442] sd 2:0:0:0: [sda] Attached SCSI disk
[    8.959137] sd 2:0:1:0: [sdb] Attached SCSI disk
[    9.536886] e1000 0000:00:08.0 eth1: (PCI:33MHz:32-bit) 08:00:27:c8:db:37
[    9.547458] e1000 0000:00:08.0 eth1: Intel(R) PRO/1000 Network Connection
[    9.560133] e1000 0000:00:08.0 enp0s8: renamed from eth1
[    9.571399] e1000 0000:00:03.0 enp0s3: renamed from eth0
Begin: Loading essential drivers ... [   11.465106] md: linear personality registered for level -1
[   11.478319] md: multipath personality registered for level -4
[   11.491422] md: raid0 personality registered for level 0
[   11.517236] md: raid1 personality registered for level 1
[   11.600960] raid6: sse2x1   gen()  8318 MB/s
[   11.677607] raid6: sse2x1   xor()  5776 MB/s
[   11.760549] raid6: sse2x2   gen()  8461 MB/s
[   11.846743] raid6: sse2x2   xor()  6325 MB/s
[   11.920788] raid6: sse2x4   gen() 11271 MB/s
[   12.008339] raid6: sse2x4   xor()  8010 MB/s
[   12.015144] raid6: using algorithm sse2x4 gen() 11271 MB/s
[   12.022872] raid6: .... xor() 8010 MB/s, rmw enabled
[   12.030506] raid6: using ssse3x2 recovery algorithm
[   12.042456] xor: measuring software checksum speed
[   12.156621]    prefetch64-sse: 35816.000 MB/sec
[   12.272452]    generic_sse: 33916.000 MB/sec
[   12.279113] xor: using function: prefetch64-sse (35816.000 MB/sec)
[   12.291342] async_tx: api initialized (async)
[   12.359058] md: raid6 personality registered for level 6
[   12.367815] md: raid5 personality registered for level 5
[   12.375918] md: raid4 personality registered for level 4
[   12.411041] md: raid10 personality registered for level 10
done.
Begin: Running /scripts/init-premount ... done.
Begin: Mounting root file system ... Begin: Running /scripts/local-top ... done.
Begin: Running /scripts/local-premount ... [   12.601334] Btrfs loaded
Scanning for Btrfs filesystems
done.
Warning: fsck not present, so skipping root file system
[   12.697823] EXT4-fs (sda1): mounted filesystem with ordered data mode. Opts: (null)
done.
Begin: Running /scripts/local-bottom ... done.
Begin: Running /scripts/init-bottom ... done.
[   12.958811] systemd[1]: systemd 229 running in system mode. (+PAM +AUDIT +SELINUX +IMA +APPARMOR +SMACK +SYSVINIT +UTMP +LIBCRYPTSETUP +GCRYPT +GNUTLS +ACL +XZ -LZ4 +SECCOMP +BLKID +ELFUTILS +KMOD -IDN)
[   12.985855] systemd[1]: Detected virtualization oracle.
[   12.997009] systemd[1]: Detected architecture x86-64.

Welcome to [1mUbuntu 16.04.7 LTS[0m!

[   13.056032] systemd[1]: Set hostname to <ubuntu>.
[   13.078358] systemd[1]: Initializing machine ID from random generator.
[   13.090698] systemd[1]: Installed transient /etc/machine-id file.
[   13.450344] random: nonblocking pool is initialized
[   13.463525] systemd[1]: Listening on Journal Socket (/dev/log).
[[0;32m  OK  [0m] Listening on Journal Socket (/dev/log).
[   13.481115] systemd[1]: Listening on udev Control Socket.
[[0;32m  OK  [0m] Listening on udev Control Socket.
[   13.498932] systemd[1]: Listening on udev Kernel Socket.
[[0;32m  OK  [0m] Listening on udev Kernel Socket.
[   13.516002] systemd[1]: Listening on /dev/initctl Compatibility Named Pipe.
[[0;32m  OK  [0m] Listening on /dev/initctl Compatibility Named Pipe.
[   13.536866] systemd[1]: Reached target Encrypted Volumes.
[[0;32m  OK  [0m] Reached target Encrypted Volumes.
[   13.555204] systemd[1]: Listening on fsck to fsckd communication Socket.
[[0;32m  OK  [0m] Listening on fsck to fsckd communication Socket.
[   13.576112] systemd[1]: Listening on Journal Audit Socket.
[[0;32m  OK  [0m] Listening on Journal Audit Socket.
[   13.594334] systemd[1]: Listening on LVM2 poll daemon socket.
[[0;32m  OK  [0m] Listening on LVM2 poll daemon socket.
[   13.613346] systemd[1]: Listening on Journal Socket.
[[0;32m  OK  [0m] Listening on Journal Socket.
[   13.637099] systemd[1]: Reached target System Time Synchronized.
[[0;32m  OK  [0m] Reached target System Time Synchronized.
[   13.656379] systemd[1]: Listening on LVM2 metadata daemon socket.
[[0;32m  OK  [0m] Listening on LVM2 metadata daemon socket.
[   13.676521] systemd[1]: Created slice User and Session Slice.
[[0;32m  OK  [0m] Created slice User and Session Slice.
[   13.695287] systemd[1]: Reached target Swap.
[[0;32m  OK  [0m] Reached target Swap.
[   13.711887] systemd[1]: Created slice System Slice.
[[0;32m  OK  [0m] Created slice System Slice.
[   13.730904] systemd[1]: Mounting Debug File System...
         Mounting Debug File System...
[   13.762405] systemd[1]: Starting Load Kernel Modules...
         Starting Load Kernel Modules...
[   13.805594] systemd[1]: Mounting Huge Pages File System...
         Mounting Huge Pages File System...
[   13.847659] systemd[1]: Starting Set console keymap...
         Starting Set console keymap...[   13.866317] Loading iSCSI transport class v2.0-870.

[   13.876793] systemd[1]: Set up automount Arbitrary Executable File Formats File System Automount Point.
[[0;32m  OK  [0m] Set up automount Arbitrary Executab...ats File System Automount Point.
[   13.923134] systemd[1]: Mounting POSIX Message Queue File System...
[   13.939640] iscsi: registered transport (tcp)
         Mounting POSIX Message Queue File System...
[   13.961787] systemd[1]: Starting File System Check on Root Device...
         Starting File System Check on Root Device...
[   14.003230] systemd[1]: Starting Nameserver information manager...
         Starting Nameserver information manager...
[   14.045595] systemd[1]: Starting Uncomplicated firewall...
         Starting Uncomplicated firewall...
[   14.089206] systemd[1]: Started Trigger resolvconf update for networkd DNS.
[[0;32m  OK  [0m] Started Trigger resolvconf update for networkd DNS.
[   14.151723] systemd[1]: Created slice system-serial\x2dgetty.slice.
[[0;32m  OK  [0m] Created slice system-serial\x2dgetty.slice.
[   14.183957] systemd[1]: Listening on Device-mapper event daemon FIFOs.
[[0;32m  OK  [0m] Listening on Device-mapper event daemon FIFOs.
[   14.234915] systemd[1]: Starting Monitoring of LVM2 mirrors, snapshots etc. using dmeventd or progress polling...
         Starting Monitoring of LVM2 mirrors... dmeventd or progress polling...
[   14.275002] systemd[1]: Starting Create list of required static device nodes for the current kernel...
[   14.288115] iscsi: registered transport (iser)
         Starting Create list of required st... nodes for the current kernel...
[   14.316951] systemd[1]: Reached target Slices.
[[0;32m  OK  [0m] Reached target Slices.
[   14.332069] systemd[1]: Reached target User and Group Name Lookups.
[[0;32m  OK  [0m] Reached target User and Group Name Lookups.
[   14.349983] systemd[1]: Listening on Syslog Socket.
[[0;32m  OK  [0m] Listening on Syslog Socket.
[   14.367617] systemd[1]: Starting Journal Service...
         Starting Journal Service...
[   14.393861] systemd[1]: Started Forward Password Requests to Wall Directory Watch.
[[0;32m  OK  [0m] Started Forward Password Requests to Wall Directory Watch.
[   14.436114] systemd[1]: Mounted Huge Pages File System.
[[0;32m  OK  [0m] Mounted Huge Pages File System.
[   14.458793] systemd[1]: Mounted POSIX Message Queue File System.
[[0;32m  OK  [0m] Mounted POSIX Message Queue File System.
[   14.479472] systemd[1]: Mounted Debug File System.
[[0;32m  OK  [0m] Mounted Debug File System.
[   14.498808] systemd[1]: Started Journal Service.
[[0;32m  OK  [0m] Started Journal Service.
[[0;32m  OK  [0m] Started Load Kernel Modules.
[[0;32m  OK  [0m] Started Set console keymap.
[[0;32m  OK  [0m] Started File System Check on Root Device.
[[0;32m  OK  [0m] Started Uncomplicated firewall.
[[0;32m  OK  [0m] Started Create list of required sta...ce nodes for the current kernel.
[[0;32m  OK  [0m] Started Nameserver information manager.
[[0;32m  OK  [0m] Started LVM2 metadata daemon.
[[0;32m  OK  [0m] Started File System Check Daemon to report status.
         Starting Create Static Device Nodes in /dev...
         Starting Remount Root and Kernel File Systems...
         Starting Apply Kernel Variables...
         Mounting FUSE Control File System...
[   14.783495] EXT4-fs (sda1): re-mounted. Opts: (null)
[[0;32m  OK  [0m] Mounted FUSE Control File System.
[[0;32m  OK  [0m] Started Create Static Device Nodes in /dev.
[[0;32m  OK  [0m] Started Remount Root and Kernel File Systems.
[[0;32m  OK  [0m] Started Apply Kernel Variables.
         Starting Flush Journal to Persistent Storage...
         Starting Load/Save Random Seed...
         Starting udev Coldplug all Devices...
         Starting udev Kernel Device Manager...
[[0;32m  OK  [0m] Started Load/Save Random Seed.
[[0;32m  OK  [0m] Started Flush Journal to Persistent Storage.
[[0;32m  OK  [0m] Started Monitoring of LVM2 mirrors,...ng dmeventd or progress polling.
[[0;32m  OK  [0m] Reached target Local File Systems (Pre).
[[0;32m  OK  [0m] Reached target Local File Systems.
         Starting Commit a transient machine-id on disk...
         Starting Initial cloud-init job (pre-networking)...
         Starting LSB: AppArmor initialization...
         Starting Tell Plymouth To Write Out Runtime Data...
         Starting Set console font and keymap...
         Starting Create Volatile Files and Directories...
[[0;32m  OK  [0m] Started udev Kernel Device Manager.
[[0;32m  OK  [0m] Started Commit a transient machine-id on disk.
[[0;32m  OK  [0m] Started udev Coldplug all Devices.
[[0;32m  OK  [0m] Started Tell Plymouth To Write Out Runtime Data.
[[0;32m  OK  [0m] Started Create Volatile Files and Directories.
         Starting Update UTMP about System Boot/Shutdown...
[[0;32m  OK  [0m] Started Dispatch Password Requests to Console Directory Watch.
[[0;32m  OK  [0m] Started Update UTMP about System Boot/Shutdown.
[[0;32m  OK  [0m] Found device /dev/ttyS0.
[[0;32m  OK  [0m] Listening on Load/Save RF Kill Switch Status /dev/rfkill Watch.
[[0;32m  OK  [0m] Started LSB: AppArmor initialization.
         Starting Load AppArmor profiles managed internally by snapd...[   16.868761] cloud-init[489]: 
[[0;32m  OK  [0m] Started Initial cloud-init job (pre-networking).
[[0;32m  OK  [0mCloud-init v. 21.1-19-gbad84ad4-0ubuntu1~16.04.2 running 'init-local' at Mon, 27 May 2024 09:41:04 +0000. Up 15.82 seconds.] Reached target Network (Pre).
         Starting Raise network interfaces...

[[0;32m  OK  [0m] Started Load AppArmor profiles managed internally by snapd.
[[0;32m  OK  [0m] Started Set console font and keymap.
[[0;32m  OK  [0m] Created slice system-getty.slice.
[[0;32m  OK  [0m] Started Raise network interfaces.
         Starting Initial cloud-init job (metadata service crawler)...
[[0;32m  OK  [0m] Reached target Network.
[   19.536966] cloud-init[975]: Cloud-init v. 21.1-19-gbad84ad4-0ubuntu1~16.04.2 running 'init' at Mon, 27 May 2024 09:41:06 +0000. Up 18.73 seconds.
[   19.572441] cloud-init[975]: ci-info: ++++++++++++++++++++++++++++++++++++++Net device info+++++++++++++++++++++++++++++++++++++++
[   19.601174] cloud-init[975]: ci-info: +--------+-------+----------------------------+---------------+--------+-------------------+
[   19.631268] cloud-init[975]: [[0;32m  OK  [0mci-info: | Device |   Up  |          Address           |      Mask     | Scope  |     Hw-Address    |] Started Initial cloud-init job (metadata service crawler).

[   19.654232] cloud-init[[0;32m  OK  [0m] [975]: ci-info: +--------+-------+----------------------------+---------------+--------+-------------------+Reached target Cloud-config availability.
[[0;32m  OK  [0m] Reached target System Initialization.
[   19.678936] cloud-init[975]: ci-info: | enp0s3 |  True |         10.0.2.15          | 255.255.255.0 | global | 02:be:82:6b:cc:1d |
[[0;32m  OK  [0m] Started Message of the Day.
[   19.694775] 
[[0;32m  OK  [0mcloud-init[975]: ci-info: | enp0s3 |  True | fe80::be:82ff:fe6b:cc1d/64 |       .       |  link  | 02:be:82:6b:cc:1d |] Started Ubuntu Advantage update messaging.
[[0;32m  OK  [0m] Listening on D-Bus System Message Bus Socket.
[   19.720491] cloud-init[975]: ci-info: | enp0s8 | False |             .              |       .       |   .    | 08:00:27:c8:db:37 |

[   19.737942] cloud-init[975]: ci-info: |   lo   |  True |         127.0.0.1          |   255.0.0.0   |  host  |         .         |[[0;32m  OK  [0m] Started ACPI Events Check.
[
[   19.762261] cloud-init[0;32m  OK  [0m] Reached target Paths.[975]: ci-info: |   lo   |  True |          ::1/128           |       .       |  host  |         .         |

         Starting LXD - unix socket.
[   19.784422] cloud-init[975]: ci-info: +--------+-------+----------------------------+---------------+--------+-------------------+[[0;32m  OK  [0m] Started Daily Cleanup of Temporary Directories.

[   19.802958] cloud-init[975]: ci-info: +++++++++++++++++++++++++++Route IPv4 info++++++++++++++++++++++++++++[[0;32m  OK  [0m] Listening on ACPID Listen Socket.

[   19.818025] cloud-init[[0;32m  OK  [0m] [975]: ci-info: +-------+-------------+----------+---------------+-----------+-------+Started Daily apt download activities.
[[0;32m  OK  [0m] 
[   19.837772] cloud-initStarted Daily apt upgrade and clean activities.
[[975]: ci-info: | Route | Destination | Gateway  |    Genmask    | Interface | Flags |[0;32m  OK  [0m] 
[   19.853593] cloud-init[975]: Reached target Timers.
         ci-info: +-------+-------------+----------+---------------+-----------+-------+Starting Socket activation for snappy daemon.
[   19.870272] cloud-init
[[0;32m  OK  [0m] Listening on UUID daemon activation socket.
[975]: ci-info: |   0   |   0.0.0.0   | 10.0.2.2 |    0.0.0.0    |   enp0s3  |   UG  |[[0;32m  OK  [0m
[   19.894545] cloud-init] Reached target Network is Online.
[975]: ci-info: |   1   |   10.0.2.0  | 0.0.0.0  | 255.255.255.0 |   enp0s3  |   U   |         Starting iSCSI initiator daemon (iscsid)...

[   19.913594] cloud-init[975]: [[0;32m  OK  [0mci-info: +-------+-------------+----------+---------------+-----------+-------+] Listening on LXD - unix socket.
[[0;32m  OK  [0m] Listening on Socket activation for snappy daemon.
[   19.943934] cloud-init[975]: 
ci-info: +++++++++++++++++++Route IPv6 info+++++++++++++++++++[[0;32m  OK  [0m] Reached target Sockets.

[[0;32m  OK  [0m] Reached target Basic System.[   19.974847] cloud-init[975]: ci-info: +-------+-------------+---------+-----------+-------+
[[0;32m  OK  [0m] Started FUSE filesystem for LXC.
[   19.991537] cloud-init[975]: 
         ci-info: | Route | Destination | Gateway | Interface | Flags |Starting Virtualbox guest utils...
         
Starting Login Service...
         Starting Pollinate to seed the pseudo random number generator...
[[0;32m  OK  [0m] Started Deferred execution scheduler.[   20.077456] cloud-init
         Starting System Logging Service...
[[0;32m  OK  [0m] Started D-Bus System Message Bus.
[975]: ci-info: +-------+-------------+---------+-----------+-------+
[   20.156539] cloud-init[975]: ci-info: |   0   |  fe80::/64  |    ::   |   enp0s3  |   U   |         Starting LSB: MD monitoring daemon...

[[0;32m  OK  [0m] Started Regular background program processing daemon.
[   20.235679]          Starting /etc/rc.local Compatibility...
         Starting Snap Daemon...
         cloud-initStarting Accounts Service...
[975]: [[0;32m  OK  [0mci-info: |   3   |   ff00::/8  |    ::   |   enp0s3  |   U   |] Started ACPI event daemon.
         Starting LSB: Record successful boot for GRUB...
         Starting LXD - container startup/shutdown...
[[0;32m  OK  [0m] Started System Logging Service.
[[0;32m  OK  [0m
] Started /etc/rc.local Compatibility.
[[0;32m  OK  [0m] Started iSCSI initiator daemon (iscsid).[   20.415164] 
         Starting Login to default iSCSI targets...
[[0;32m  OK  [0m] Started Login Service.
[[0;32m  OK  [0m] Started Unattended Upgrades Shutdown.
cloud-init[975]: [[0;32m  OK  [0m] Started Login to default iSCSI targets.ci-info: +-------+-------------+---------+-----------+-------+
[[0;32m  OK  [0m] Reached target Remote File Systems (Pre).
[[0;32m  OK  [0m] Reached target Remote File Systems.
         Starting LSB: Set the CPU Frequency Scaling governor to "ondemand"...

         Starting Permit User Sessions...
         Starting LSB: daemon to balance interrupts for SMP systems...[   20.675788] 
         Starting LSB: automatic crash report generation...
[[0;32m  OK  [0m] Started LSB: MD monitoring daemon.
[[0;32m  OK  [0m] Started Permit User Sessions.
cloud-init         Starting Hold until boot process finishes up...
         Starting Terminate Plymouth Boot Screen...
[975]: Generating public/private rsa key pair.[[0;32m  OK  [0m] Started Hold until boot process finishes up.
[[0;32m  OK  [0m] Started Terminate Plymouth Boot Screen.
         Starting Set console scheme...
[[0;32m  OK  [0m] Started Getty on tty1.
[[0;32m  OK  [0m] Started Serial Getty on ttyS0.
[[0;32m  OK  [0m] Reached target Login Prompts.

[[0;32m  OK  [0m] [   20.894091] Started LSB: Set the CPU Frequency Scaling governor to "ondemand".
[[0;32m  OK  [0m] Started Set console scheme.
[[0;32m  OK  [0m] Started LSB: Record successful boot for GRUB.cloud-init[975]: 
Your identification has been saved in /etc/ssh/ssh_host_rsa_key.
[   21.077594] [[0;32m  OK  [0m] Started LSB: daemon to balance interrupts for SMP systems.cloud-init[975]: 
Your public key has been saved in /etc/ssh/ssh_host_rsa_key.pub.         Starting Authenticate and Authorize Users to Run Privileged Tasks...

[   21.216960] cloud-init[975]: [[0;32m  OK  [0m] Started Authenticate and Authorize Users to Run Privileged Tasks.The key fingerprint is:
[[0;32m  OK  [0m] Started Accounts Service.

[   21.356772] cloud-init[975]: [[0;32m  OK  [0m] Started LSB: automatic crash report generation.
SHA256:VBVQQQPCpI6jJN33Cy6IbgUFKz+K9wfFnIK27w3og8I root@ubuntu-xenial
[[0;32m  OK  [0m[   21.454079] cloud-init[975]: ] Started LXD - container startup/shutdown.
The key's randomart image is:
[   21.505383] cloud-init[975]: +---[RSA 2048]----+
[   21.560844] cloud-init[975]: | ..    oo +*Bo   |
[   21.619026] cloud-init[975]: |  ..   ..o   .   |
[   21.668875] [[0;32m  OK  [0m] Started Virtualbox guest utils.
cloud-init[975]: |.... o...        |
[   21.724497] cloud-init[975]: |.+o..o=.         |
[   21.763074] cloud-init[975]: |..*.+oo S        |
[   21.794510] cloud-init[975]: |.+.=.o .         |
[   21.838016] cloud-init[975]: |+o=o... .        |
[   21.867621] cloud-init[975]: |+Eo.o+.. .       |
[   21.913585] cloud-init[975]: |+..oooo .        |
[   21.955592] cloud-init[975]: +----[SHA256]-----+
[   21.996849] cloud-init[975]: Generating public/private dsa key pair.
[   22.030590] cloud-init[975]: Your identification has been saved in /etc/ssh/ssh_host_dsa_key.
[   22.095899] cloud-init[975]: Your public key has been saved in /etc/ssh/ssh_host_dsa_key.pub.
[   22.143735] cloud-init[975]: The key fingerprint is:
[   22.163901] cloud-init[975]: SHA256:bVdB7eAk9jjAiX3YwLW4q3zo8iV8hElG2c20MIn0/40 root@ubuntu-xenial
[   22.208668] cloud-init[975]: The key's randomart image is:
[   22.228419] cloud-init[975]: +---[DSA 1024]----+
[   22.248395] cloud-init[975]: |       .oO+@o.o. |
[[0;32m  OK  [0m] [   22.269783] cloud-initStarted Snap Daemon.
         Starting Wait until snapd is fully seeded...[975]: |       .+.X+Boo..|

[   22.320551] cloud-init[975]: |        o o+o*.o |
[   22.355120] cloud-init[975]: |       o + oo.o .|
[   22.390871] cloud-init[975]: |        S = o.   |
[   22.430376] cloud-init[975]: |       . o o . o |
[   22.486787] cloud-init[975]: |        o.+   E .|
[   22.518030] cloud-init[975]: |      ...=.      |
[   22.560454] cloud-init[975]: |       +=.       |
[   22.600486] cloud-init[975]: +----[SHA256]-----+
[[0;32m  OK  [0m] Started Pollinate to seed the pseudo random number generator.[   22.634598] 
cloud-init[975]: Generating public/private ecdsa key pair.         Starting OpenBSD Secure Shell server...

[   22.686915] cloud-init[975]: Your identification has been saved in /etc/ssh/ssh_host_ecdsa_key.
[[0;32m  OK  [0m] Started OpenBSD Secure Shell server.
[   22.734895] cloud-init[975]: Your public key has been saved in /etc/ssh/ssh_host_ecdsa_key.pub.
[   22.784719] cloud-init[975]: The key fingerprint is:
[   22.806018] cloud-init[975]: SHA256:+mY5Ctqf/jv5D0GDXq+GcDaOxRCxBI1OWJO/E+kUZwk root@ubuntu-xenial
[   22.831819] cloud-init[975]: The key's randomart image is:
[   22.849278] cloud-init[975]: +---[ECDSA 256]---+
[   22.867719] cloud-init[975]: |   o+=Eo .       |
[   22.889955] cloud-init[975]: |  . +ooo+.       |
[   22.908850] cloud-init[975]: |   o .o=. +      |
[   22.927690] cloud-init[975]: |    . =+ o o     |
[   22.949396] cloud-init[975]: |     o.oS . .    |
[   22.971095] cloud-init[975]: |      +O o o     |
[   23.003808] cloud-init[975]: |    . o.oo+      |
[   23.042921] cloud-init[975]: |   o . oB. .     |
[   23.063491] cloud-init[975]: |  . .o==+=...    |
[   23.089578] cloud-init[975]: +----[SHA256]-----+
[   23.116675] cloud-init[975]: Generating public/private ed25519 key pair.
[   23.145912] cloud-init[975]: Your identification has been saved in /etc/ssh/ssh_host_ed25519_key.
[   23.171933] cloud-init[975]: Your public key has been saved in /etc/ssh/ssh_host_ed25519_key.pub.
[   23.196603] cloud-init[975]: The key fingerprint is:
[   23.218228] cloud-init[975]: SHA256:iaXIOGzSSn+gXfRj6isg/D/BRae7puVGLdrR63Vcrgg root@ubuntu-xenial
[   23.245523] cloud-init[975]: The key's randomart image is:
[   23.271064] cloud-init[975]: +--[ED25519 256]--+
[   23.310039] cloud-init[975]: |                 |
[   23.333133] cloud-init[975]: |       . .       |
[   23.354077] cloud-init[975]: |     .. +        |
[   23.370031] cloud-init[975]: | o o...* .       |
[   23.402018] cloud-init[975]: |o.*.+.++S      . |
[   23.415863] cloud-init[975]: |o*+.ooo=.o  . o  |
[   23.425582] cloud-init[975]: |o.oo o=.+E.. o . |
[   23.435260] cloud-init[975]: |   oooo= .o o .  |
[   23.444419] cloud-init[975]: |    o=*... . .   |
[   23.453379] cloud-init[975]: +----[SHA256]-----+
[[0;32m  OK  [0m] Created slice User Slice of vagrant.
[[0;32m  OK  [0m] Started Session 1 of user vagrant.
         Starting User Manager for UID 1000...
[[0;32m  OK  [0m] Started User Manager for UID 1000.

Ubuntu 16.04.7 LTS ubuntu-xenial ttyS0

ubuntu-xenial login: [   28.610891] cloud-init[1444]: Generating locales (this might take a while)...
[   30.921521] cloud-init[1444]:   en_US.UTF-8... done
[   30.931259] cloud-init[1444]: Generation complete.
[   31.503243] cloud-init[1444]: Cloud-init v. 21.1-19-gbad84ad4-0ubuntu1~16.04.2 running 'modules:config' at Mon, 27 May 2024 09:41:16 +0000. Up 28.28 seconds.
ci-info: no authorized SSH keys fingerprints found for user ubuntu.
<14>May 27 09:41:20 ec2: 
<14>May 27 09:41:20 ec2: #############################################################
<14>May 27 09:41:20 ec2: -----BEGIN SSH HOST KEY FINGERPRINTS-----
<14>May 27 09:41:20 ec2: 1024 SHA256:bVdB7eAk9jjAiX3YwLW4q3zo8iV8hElG2c20MIn0/40 root@ubuntu-xenial (DSA)
<14>May 27 09:41:20 ec2: 256 SHA256:+mY5Ctqf/jv5D0GDXq+GcDaOxRCxBI1OWJO/E+kUZwk root@ubuntu-xenial (ECDSA)
<14>May 27 09:41:20 ec2: 256 SHA256:iaXIOGzSSn+gXfRj6isg/D/BRae7puVGLdrR63Vcrgg root@ubuntu-xenial (ED25519)
<14>May 27 09:41:20 ec2: 2048 SHA256:VBVQQQPCpI6jJN33Cy6IbgUFKz+K9wfFnIK27w3og8I root@ubuntu-xenial (RSA)
<14>May 27 09:41:20 ec2: -----END SSH HOST KEY FINGERPRINTS-----
<14>May 27 09:41:20 ec2: #############################################################
-----BEGIN SSH HOST KEY KEYS-----
ecdsa-sha2-nistp256 AAAAE2VjZHNhLXNoYTItbmlzdHAyNTYAAAAIbmlzdHAyNTYAAABBBAYFdyGeRD5dYxXZesMht5DFWfwpv+g3b2hFJYunaefr2ukz8gWnuAlD9QD08l3qF6vlILBZS14uEdBIPp8EMrA= root@ubuntu-xenial
ssh-ed25519 AAAAC3NzaC1lZDI1NTE5AAAAIPJ9lAHrJDeg0Eb3Cp+PRUWmbN7zaPzx0Vt/N6NpIqwm root@ubuntu-xenial
ssh-rsa AAAAB3NzaC1yc2EAAAADAQABAAABAQDB3zncj82ocDXn/RdGXmTtTCtnEWBgmDjKWWQBIYw4U6qjsh+KSWEKOB0R1ECw+ttza9CQ8g6QS7TQm6wjaAt3cTL8+jlXsz8M51HavE/pLdz1gfIbkIlIW0u+0EfMeCdPPV0NbHOsTHxHKsWqsaU6cXm1jeniFm0CEX8OpC95nBtEorBF6rapTXdXXDVJ91lPHF3RWimqCOBAKT46zE/JEhz5ioOEP8Qp4dTI6PAd3ifHFMUTnkr5zGYaba7w0IozOAZ6eB2d612fs8vMQW9YuXulUB2BcZkGzAoaZ+ZHXMw6MZQHoXciGS5eJx7D4i7q5u1n+ZlH8eKf3lQjooiX root@ubuntu-xenial
-----END SSH HOST KEY KEYS-----
[   32.481925] cloud-init[1618]: Cloud-init v. 21.1-19-gbad84ad4-0ubuntu1~16.04.2 running 'modules:final' at Mon, 27 May 2024 09:41:20 +0000. Up 32.03 seconds.
[   32.521107] cloud-init[1618]: ci-info: no authorized SSH keys fingerprints found for user ubuntu.
[   32.541096] cloud-init[1618]: Cloud-init v. 21.1-19-gbad84ad4-0ubuntu1~16.04.2 finished at Mon, 27 May 2024 09:41:20 +0000. Datasource DataSourceNoCloud [seed=/dev/sdb][dsmode=net].  Up 32.47 seconds
