[    0.000000] Initializing cgroup subsys cpuset
[    0.000000] Initializing cgroup subsys cpu
[    0.000000] Initializing cgroup subsys cpuacct
[    0.000000] Linux version 4.4.0-210-generic (buildd@lgw01-amd64-009) (gcc version 5.4.0 20160609 (Ubuntu 5.4.0-6ubuntu1~16.04.12) ) #242-Ubuntu SMP Fri Apr 16 09:57:56 UTC 2021 (Ubuntu 4.4.0-210.242-generic 4.4.262)
[    0.000000] Command line: BOOT_IMAGE=/boot/vmlinuz-4.4.0-210-generic root=LABEL=cloudimg-rootfs ro console=tty1 console=ttyS0
[    0.000000] KERNEL supported cpus:
[    0.000000]   Intel GenuineIntel
[    0.000000]   AMD AuthenticAMD
[    0.000000]   Centaur CentaurHauls
[    0.000000] x86/fpu: Legacy x87 FPU detected.
[    0.000000] e820: BIOS-provided physical RAM map:
[    0.000000] BIOS-e820: [mem 0x0000000000000000-0x000000000009fbff] usable
[    0.000000] BIOS-e820: [mem 0x000000000009fc00-0x000000000009ffff] reserved
[    0.000000] BIOS-e820: [mem 0x00000000000f0000-0x00000000000fffff] reserved
[    0.000000] BIOS-e820: [mem 0x0000000000100000-0x000000003ffeffff] usable
[    0.000000] BIOS-e820: [mem 0x000000003fff0000-0x000000003fffffff] ACPI data
[    0.000000] BIOS-e820: [mem 0x00000000fec00000-0x00000000fec00fff] reserved
[    0.000000] BIOS-e820: [mem 0x00000000fee00000-0x00000000fee00fff] reserved
[    0.000000] BIOS-e820: [mem 0x00000000fffc0000-0x00000000ffffffff] reserved
[    0.000000] NX (Execute Disable) protection: active
[    0.000000] SMBIOS 2.5 present.
[    0.000000] Hypervisor detected: KVM
[    0.000000] e820: last_pfn = 0x3fff0 max_arch_pfn = 0x400000000
[    0.000000] MTRR: Disabled
[    0.000000] x86/PAT: MTRRs disabled, skipping PAT initialization too.
[    0.000000] CPU MTRRs all blank - virtualized system.
[    0.000000] x86/PAT: Configuration [0-7]: WB  WT  UC- UC  WB  WT  UC- UC  
[    0.000000] found SMP MP-table at [mem 0x0009fff0-0x0009ffff] mapped at [ffff88000009fff0]
[    0.000000] Scanning 1 areas for low memory corruption
[    0.000000] RAMDISK: [mem 0x362dc000-0x37165fff]
[    0.000000] ACPI: Early table checksum verification disabled
[    0.000000] ACPI: RSDP 0x00000000000E0000 000024 (v02 VBOX  )
[    0.000000] ACPI: XSDT 0x000000003FFF0030 00003C (v01 VBOX   VBOXXSDT 00000001 ASL  00000061)
[    0.000000] ACPI: FACP 0x000000003FFF00F0 0000F4 (v04 VBOX   VBOXFACP 00000001 ASL  00000061)
[    0.000000] ACPI: DSDT 0x000000003FFF0610 002353 (v02 VBOX   VBOXBIOS 00000002 INTL 20100528)
[    0.000000] ACPI: FACS 0x000000003FFF0200 000040
[    0.000000] ACPI: FACS 0x000000003FFF0200 000040
[    0.000000] ACPI: APIC 0x000000003FFF0240 000054 (v02 VBOX   VBOXAPIC 00000001 ASL  00000061)
[    0.000000] ACPI: SSDT 0x000000003FFF02A0 00036C (v01 VBOX   VBOXCPUT 00000002 INTL 20100528)
[    0.000000] No NUMA configuration found
[    0.000000] Faking a node at [mem 0x0000000000000000-0x000000003ffeffff]
[    0.000000] NODE_DATA(0) allocated [mem 0x3ffeb000-0x3ffeffff]
[    0.000000] kvm-clock: Using msrs 4b564d01 and 4b564d00
[    0.000000] kvm-clock: cpu 0, msr 0:3ffe3001, primary cpu clock
[    0.000000] kvm-clock: using sched offset of 3983246753 cycles
[    0.000000] clocksource: kvm-clock: mask: 0xffffffffffffffff max_cycles: 0x1cd42e4dffb, max_idle_ns: 881590591483 ns
[    0.000000] Zone ranges:
[    0.000000]   DMA      [mem 0x0000000000001000-0x0000000000ffffff]
[    0.000000]   DMA32    [mem 0x0000000001000000-0x000000003ffeffff]
[    0.000000]   Normal   empty
[    0.000000]   Device   empty
[    0.000000] Movable zone start for each node
[    0.000000] Early memory node ranges
[    0.000000]   node   0: [mem 0x0000000000001000-0x000000000009efff]
[    0.000000]   node   0: [mem 0x0000000000100000-0x000000003ffeffff]
[    0.000000] Initmem setup node 0 [mem 0x0000000000001000-0x000000003ffeffff]
[    0.000000] ACPI: PM-Timer IO Port: 0x4008
[    0.000000] IOAPIC[0]: apic_id 1, version 32, address 0xfec00000, GSI 0-23
[    0.000000] ACPI: INT_SRC_OVR (bus 0 bus_irq 0 global_irq 2 dfl dfl)
[    0.000000] ACPI: INT_SRC_OVR (bus 0 bus_irq 9 global_irq 9 low level)
[    0.000000] Using ACPI (MADT) for SMP configuration information
[    0.000000] smpboot: Allowing 1 CPUs, 0 hotplug CPUs
[    0.000000] PM: Registered nosave memory: [mem 0x00000000-0x00000fff]
[    0.000000] PM: Registered nosave memory: [mem 0x0009f000-0x0009ffff]
[    0.000000] PM: Registered nosave memory: [mem 0x000a0000-0x000effff]
[    0.000000] PM: Registered nosave memory: [mem 0x000f0000-0x000fffff]
[    0.000000] e820: [mem 0x40000000-0xfebfffff] available for PCI devices
[    0.000000] Booting paravirtualized kernel on KVM
[    0.000000] clocksource: refined-jiffies: mask: 0xffffffff max_cycles: 0xffffffff, max_idle_ns: 7645519600211568 ns
[    0.000000] setup_percpu: NR_CPUS:512 nr_cpumask_bits:512 nr_cpu_ids:1 nr_node_ids:1
[    0.000000] PERCPU: Embedded 33 pages/cpu @ffff88003fc00000 s95192 r8192 d31784 u2097152
[    0.000000] Built 1 zonelists in Node order, mobility grouping on.  Total pages: 257912
[    0.000000] Policy zone: DMA32
[    0.000000] Kernel command line: BOOT_IMAGE=/boot/vmlinuz-4.4.0-210-generic root=LABEL=cloudimg-rootfs ro console=tty1 console=ttyS0
[    0.000000] PID hash table entries: 4096 (order: 3, 32768 bytes)
[    0.000000] Memory: 997924K/1048120K available (8644K kernel code, 1332K rwdata, 4044K rodata, 1492K init, 1164K bss, 50196K reserved, 0K cma-reserved)
[    0.000000] SLUB: HWalign=64, Order=0-3, MinObjects=0, CPUs=1, Nodes=1
[    0.000000] Kernel/User page tables isolation: enabled
[    0.000000] Hierarchical RCU implementation.
[    0.000000] 	Build-time adjustment of leaf fanout to 64.
[    0.000000] 	RCU restricting CPUs from NR_CPUS=512 to nr_cpu_ids=1.
[    0.000000] RCU: Adjusting geometry for rcu_fanout_leaf=64, nr_cpu_ids=1
[    0.000000] NR_IRQS:33024 nr_irqs:256 16
[    0.000000] Console: colour VGA+ 80x25
[    0.000000] console [tty1] enabled
[    0.000000] console [ttyS0] enabled
[    0.000000] tsc: Detected 2304.000 MHz processor
[    1.060887] Calibrating delay loop (skipped) preset value.. 4608.00 BogoMIPS (lpj=9216000)
[    1.080331] pid_max: default: 32768 minimum: 301
[    1.091006] ACPI: Core revision 20150930
[    1.101931] ACPI: 2 ACPI AML tables successfully acquired and loaded
[    1.119781] Security Framework initialized
[    1.127401] Yama: becoming mindful.
[    1.133615] AppArmor: AppArmor initialized
[    1.144886] Dentry cache hash table entries: 131072 (order: 8, 1048576 bytes)
[    1.171888] Inode-cache hash table entries: 65536 (order: 7, 524288 bytes)
[    1.197435] Mount-cache hash table entries: 2048 (order: 2, 16384 bytes)
[    1.216418] Mountpoint-cache hash table entries: 2048 (order: 2, 16384 bytes)
[    1.236850] Initializing cgroup subsys io
[    1.246825] Initializing cgroup subsys memory
[    1.255014] Initializing cgroup subsys devices
[    1.262368] Initializing cgroup subsys freezer
[    1.276890] Initializing cgroup subsys net_cls
[    1.289939] Initializing cgroup subsys perf_event
[    1.305677] Initializing cgroup subsys net_prio
[    1.319975] Initializing cgroup subsys hugetlb
[    1.333142] Initializing cgroup subsys pids
[    1.370929] mce: CPU supports 0 MCE banks
[    1.382363] Last level iTLB entries: 4KB 128, 2MB 8, 4MB 8
[    1.398449] Last level dTLB entries: 4KB 64, 2MB 0, 4MB 0, 1GB 4
[    1.415333] Spectre V1 : Mitigation: usercopy/swapgs barriers and __user pointer sanitization
[    1.433991] Spectre V2 : Mitigation: Full generic retpoline
[    1.449356] Spectre V2 : Spectre v2 / SpectreRSB mitigation: Filling RSB on context switch
[    1.472775] Speculative Store Bypass: Vulnerable
[    1.484946] SRBDS: Unknown: Dependent on hypervisor status
[    1.501858] MDS: Mitigation: Clear CPU buffers
[    2.046957] Freeing SMP alternatives memory: 36K
[    2.292014] ftrace: allocating 32380 entries in 127 pages
[    3.826098] smpboot: APIC(0) Converting physical 0 to logical package 0
[    3.844350] smpboot: Max logical packages: 1
[    3.878845] ..TIMER: vector=0x30 apic1=0 pin1=2 apic2=-1 pin2=-1
[    3.998392] APIC calibration not consistent with PM-Timer: 96ms instead of 100ms
[    4.014683] APIC delta adjusted to PM-Timer: 6223551 (6005838)
[    4.026670] smpboot: CPU0: Intel(R) Core(TM) i5-6300HQ CPU @ 2.30GHz (family: 0x6, model: 0x5e, stepping: 0x3)
[    4.046593] Performance Events: unsupported p6 CPU model 94 no PMU driver, software events only.
[    4.287562] KVM setup paravirtual spinlock
[    4.296415] x86: Booted up 1 node, 1 CPUs
[    4.302956] smpboot: Total of 1 processors activated (4608.00 BogoMIPS)
[    4.317711] devtmpfs: initialized
[    4.326945] evm: security.selinux
[    4.331973] evm: security.SMACK64
[    4.337208] evm: security.SMACK64EXEC
[    4.342744] evm: security.SMACK64TRANSMUTE
[    4.349461] evm: security.SMACK64MMAP
[    4.355362] evm: security.ima
[    4.360694] evm: security.capability
[    4.366949] clocksource: jiffies: mask: 0xffffffff max_cycles: 0xffffffff, max_idle_ns: 7645041785100000 ns
[    4.381773] futex hash table entries: 256 (order: 2, 16384 bytes)
[    4.392072] pinctrl core: initialized pinctrl subsystem
[    4.400810] RTC time:  8:21:58, date: 05/27/24
[    4.409721] NET: Registered protocol family 16
[    4.417258] cpuidle: using governor ladder
[    4.423242] cpuidle: using governor menu
[    4.428878] PCCT header not found.
[    4.433957] ACPI: bus type PCI registered
[    4.440630] acpiphp: ACPI Hot Plug PCI Controller Driver version: 0.5
[    4.450283] PCI: Using configuration type 1 for base access
[    4.465348] ACPI: Added _OSI(Module Device)
[    4.472499] ACPI: Added _OSI(Processor Device)
[    4.479305] ACPI: Added _OSI(3.0 _SCP Extensions)
[    4.487145] ACPI: Added _OSI(Processor Aggregator Device)
[    4.497696] ACPI: Executed 1 blocks of module-level executable AML code
[    4.515862] ACPI: Interpreter enabled
[    4.521815] ACPI: (supports S0 S5)
[    4.528301] ACPI: Using IOAPIC for interrupt routing
[    4.537712] PCI: Using host bridge windows from ACPI; if necessary, use "pci=nocrs" and report a bug
[    4.564571] ACPI: PCI Root Bridge [PCI0] (domain 0000 [bus 00-ff])
[    4.575753] acpi PNP0A03:00: _OSC: OS supports [ASPM ClockPM Segments MSI]
[    4.587169] acpi PNP0A03:00: _OSC: not requesting OS control; OS requires [ExtendedConfig ASPM ClockPM MSI]
[    4.604596] acpi PNP0A03:00: fail to add MMCONFIG information, can't access extended PCI configuration space under this bridge.
[    4.625738] PCI host bridge to bus 0000:00
[    4.632781] pci_bus 0000:00: root bus resource [io  0x0000-0x0cf7 window]
[    4.645076] pci_bus 0000:00: root bus resource [io  0x0d00-0xffff window]
[    4.657771] pci_bus 0000:00: root bus resource [mem 0x000a0000-0x000bffff window]
[    4.669646] pci_bus 0000:00: root bus resource [mem 0x40000000-0xfdffffff window]
[    4.681975] pci_bus 0000:00: root bus resource [bus 00-ff]
[    4.702901] pci 0000:00:01.1: legacy IDE quirk: reg 0x10: [io  0x01f0-0x01f7]
[    4.721498] pci 0000:00:01.1: legacy IDE quirk: reg 0x14: [io  0x03f6]
[    4.734430] pci 0000:00:01.1: legacy IDE quirk: reg 0x18: [io  0x0170-0x0177]
[    4.746514] pci 0000:00:01.1: legacy IDE quirk: reg 0x1c: [io  0x0376]
[    4.794747] pci 0000:00:07.0: quirk: [io  0x4000-0x403f] claimed by PIIX4 ACPI
[    4.807088] pci 0000:00:07.0: quirk: [io  0x4100-0x410f] claimed by PIIX4 SMB
[    4.836762] ACPI: PCI Interrupt Link [LNKA] (IRQs 5 9 10 *11)
[    4.849225] ACPI: PCI Interrupt Link [LNKB] (IRQs 5 9 *10 11)
[    4.862198] ACPI: PCI Interrupt Link [LNKC] (IRQs 5 *9 10 11)
[    4.909338] ACPI: PCI Interrupt Link [LNKD] (IRQs 5 9 10 *11)
[    4.922964] ACPI: Enabled 2 GPEs in block 00 to 07
[    4.931663] vgaarb: setting as boot device: PCI:0000:00:02.0
[    4.942654] vgaarb: device added: PCI:0000:00:02.0,decodes=io+mem,owns=io+mem,locks=none
[    4.954967] vgaarb: loaded
[    4.960687] vgaarb: bridge control possible 0000:00:02.0
[    4.969298] SCSI subsystem initialized
[    4.975978] ACPI: bus type USB registered
[    4.983105] usbcore: registered new interface driver usbfs
[    4.992349] usbcore: registered new interface driver hub
[    4.999936] usbcore: registered new device driver usb
[    5.007986] PCI: Using ACPI for IRQ routing
[    5.015369] NetLabel: Initializing
[    5.020594] NetLabel:  domain hash size = 128
[    5.028233] NetLabel:  protocols = UNLABELED CIPSOv4
[    5.035064] NetLabel:  unlabeled traffic allowed by default
[    5.043663] amd_nb: Cannot enumerate AMD northbridges
[    5.050901] clocksource: Switched to clocksource kvm-clock
[    5.099655] AppArmor: AppArmor Filesystem Enabled
[    5.107837] pnp: PnP ACPI init
[    5.116881] pnp: PnP ACPI: found 3 devices
[    5.137912] clocksource: acpi_pm: mask: 0xffffff max_cycles: 0xffffff, max_idle_ns: 2085701024 ns
[    5.154058] NET: Registered protocol family 2
[    5.164020] TCP established hash table entries: 8192 (order: 4, 65536 bytes)
[    5.177992] TCP bind hash table entries: 8192 (order: 5, 131072 bytes)
[    5.189643] TCP: Hash tables configured (established 8192 bind 8192)
[    5.201737] UDP hash table entries: 512 (order: 2, 16384 bytes)
[    5.212146] UDP-Lite hash table entries: 512 (order: 2, 16384 bytes)
[    5.222120] NET: Registered protocol family 1
[    5.229040] pci 0000:00:00.0: Limiting direct PCI/PCI transfers
[    5.238209] pci 0000:00:01.0: Activating ISA DMA hang workarounds
[    5.248281] Unpacking initramfs...
[    5.858309] Freeing initrd memory: 14888K
[    5.867406] clocksource: tsc: mask: 0xffffffffffffffff max_cycles: 0x2135f7c97c8, max_idle_ns: 440795273205 ns
[    5.884673] platform rtc_cmos: registered platform RTC device (no PNP device found)
[    5.897475] Scanning for low memory corruption every 60 seconds
[    5.907441] audit: initializing netlink subsys (disabled)
[    5.916487] audit: type=2000 audit(1716798121.999:1): initialized
[    5.927230] Initialise system trusted keyring
[    5.935528] HugeTLB registered 2 MB page size, pre-allocated 0 pages
[    5.948828] zbud: loaded
[    5.954410] VFS: Disk quotas dquot_6.6.0
[    5.961249] VFS: Dquot-cache hash table entries: 512 (order 0, 4096 bytes)
[    5.973187] squashfs: version 4.0 (2009/01/31) Phillip Lougher
[    5.983940] fuse init (API version 7.23)
[    5.995047] Key type big_key registered
[    6.035306] Allocating IMA MOK and blacklist keyrings.
[    6.081525] Key type asymmetric registered
[    6.097067] Asymmetric key parser 'x509' registered
[    6.117405] Block layer SCSI generic (bsg) driver version 0.4 loaded (major 249)
[    6.132458] io scheduler noop registered
[    6.143588] io scheduler deadline registered (default)
[    6.158701] io scheduler cfq registered
[    6.164827] pci_hotplug: PCI Hot Plug PCI Core version: 0.5
[    6.174594] pciehp: PCI Express Hot Plug Controller Driver version: 0.4
[    6.185918] ACPI: AC Adapter [AC] (on-line)
[    6.193343] input: Power Button as /devices/LNXSYSTM:00/LNXPWRBN:00/input/input0
[    6.205685] ACPI: Power Button [PWRF]
[    6.212653] input: Sleep Button as /devices/LNXSYSTM:00/LNXSLPBN:00/input/input1
[    6.225428] ACPI: Sleep Button [SLPF]
[    6.233070] ACPI: Battery Slot [BAT0] (battery present)
[    6.241985] GHES: HEST is not enabled!
[    6.251889] Serial: 8250/16550 driver, 32 ports, IRQ sharing enabled
[    6.313246] 00:02: ttyS0 at I/O 0x3f8 (irq = 4, base_baud = 115200) is a 16550A
[    6.329179] Linux agpgart interface v0.103
[    6.344945] loop: module loaded
[    6.353782] scsi host0: ata_piix
[    6.361864] scsi host1: ata_piix
[    6.367637] ata1: PATA max UDMA/33 cmd 0x1f0 ctl 0x3f6 bmdma 0xd000 irq 14
[    6.380431] ata2: PATA max UDMA/33 cmd 0x170 ctl 0x376 bmdma 0xd008 irq 15
[    6.395596] libphy: Fixed MDIO Bus: probed
[    6.401423] tun: Universal TUN/TAP device driver, 1.6
[    6.410821] tun: (C) 1999-2004 Max Krasnyansky <maxk@qualcomm.com>
[    6.420091] PPP generic driver version 2.4.2
[    6.427846] ehci_hcd: USB 2.0 'Enhanced' Host Controller (EHCI) Driver
[    6.439429] ehci-pci: EHCI PCI platform driver
[    6.446630] ehci-platform: EHCI generic platform driver
[    6.454199] ohci_hcd: USB 1.1 'Open' Host Controller (OHCI) Driver
[    6.464206] ohci-pci: OHCI PCI platform driver
[    6.470631] ohci-platform: OHCI generic platform driver
[    6.479666] uhci_hcd: USB Universal Host Controller Interface driver
[    6.490667] i8042: PNP: PS/2 Controller [PNP0303:PS2K,PNP0f03:PS2M] at 0x60,0x64 irq 1,12
[    6.509251] serio: i8042 KBD port at 0x60,0x64 irq 1
[    6.516959] serio: i8042 AUX port at 0x60,0x64 irq 12
[    6.526885] mousedev: PS/2 mouse device common for all mice
[    6.546375] rtc_cmos rtc_cmos: rtc core: registered rtc_cmos as rtc0
[    6.650600] input: AT Translated Set 2 keyboard as /devices/platform/i8042/serio0/input/input2
[    6.665102] rtc_cmos rtc_cmos: alarms up to one day, 114 bytes nvram
[    6.677125] i2c /dev entries driver
[    6.684158] device-mapper: uevent: version 1.0.3
[    6.693824] device-mapper: ioctl: 4.34.0-ioctl (2015-10-28) initialised: dm-devel@redhat.com
[    6.709392] ledtrig-cpu: registered to indicate activity on CPUs
[    6.718850] NET: Registered protocol family 10
[    6.727373] NET: Registered protocol family 17
[    6.734615] Key type dns_resolver registered
[    6.741911] registered taskstats version 1
[    6.749209] Loading compiled-in X.509 certificates
[    6.758552] Loaded X.509 cert 'Build time autogenerated kernel key: cf00e047681d67edb2720680708b7d9498083038'
[    6.774858] zswap: loaded using pool lzo/zbud
[    6.785699] Key type trusted registered
[    6.798558] Key type encrypted registered
[    6.805875] AppArmor: AppArmor sha1 policy hashing enabled
[    6.817057] ima: No TPM chip found, activating TPM-bypass!
[    6.828682] ima: Allocated hash algorithm: sha1
[    6.838572] evm: HMAC attrs: 0x1
[    6.846794]   Magic number: 8:692:372
[    6.856882] rtc_cmos rtc_cmos: setting system clock to 2024-05-27 08:22:00 UTC (1716798120)
[    6.874128] BIOS EDD facility v0.16 2004-Jun-25, 0 devices found
[    6.884007] EDD information not available.
[    6.894710] Freeing unused kernel memory: 1492K
[    6.911741] Write protecting the kernel read-only data: 14336k
[    6.922575] Freeing unused kernel memory: 1584K
[    6.930226] Freeing unused kernel memory: 52K
Loading, please wait...
starting version 229
[    6.972176] random: systemd-udevd: uninitialized urandom read (16 bytes read, 11 bits of entropy available)
[    6.990497] random: udevadm: uninitialized urandom read (16 bytes read, 11 bits of entropy available)
[    7.007030] random: systemd-udevd: uninitialized urandom read (16 bytes read, 11 bits of entropy available)
[    7.023694] random: udevadm: uninitialized urandom read (16 bytes read, 11 bits of entropy available)
[    7.040772] random: systemd-udevd: uninitialized urandom read (16 bytes read, 11 bits of entropy available)
[    7.075249] random: systemd-udevd: uninitialized urandom read (16 bytes read, 11 bits of entropy available)
[    7.093533] random: udevadm: uninitialized urandom read (16 bytes read, 11 bits of entropy available)
[    7.108460] random: systemd-udevd: uninitialized urandom read (16 bytes read, 11 bits of entropy available)
[    7.123281] random: udevadm: uninitialized urandom read (16 bytes read, 11 bits of entropy available)
[    7.137321] random: systemd-udevd: uninitialized urandom read (16 bytes read, 11 bits of entropy available)
[    7.308297] Fusion MPT base driver 3.04.20
[    7.315955] Copyright (c) 1999-2008 LSI Corporation
[    7.342467] e1000: Intel(R) PRO/1000 Network Driver - version 7.3.21-k8-NAPI
[    7.355971] e1000: Copyright (c) 1999-2006 Intel Corporation.
[    7.472152] SSE version of gcm_enc/dec engaged.
[    7.501684] Fusion MPT SPI Host driver 3.04.20
[    7.698234] input: ImExPS/2 Generic Explorer Mouse as /devices/platform/i8042/serio1/input/input4
[    8.601842] e1000 0000:00:03.0 eth0: (PCI:33MHz:32-bit) 02:be:82:6b:cc:1d
[    8.617813] e1000 0000:00:03.0 eth0: Intel(R) PRO/1000 Network Connection
[    8.634150] mptbase: ioc0: Initiating bringup
[    8.725559] ioc0: LSI53C1030 A0: Capabilities={Initiator}
[    8.923071] scsi host2: ioc0: LSI53C1030 A0, FwRev=00000000h, Ports=1, MaxQ=256, IRQ=20
[    9.052220] scsi 2:0:0:0: Direct-Access     VBOX     HARDDISK         1.0  PQ: 0 ANSI: 5
[    9.070192] scsi target2:0:0: Beginning Domain Validation
[    9.093279] scsi target2:0:0: Domain Validation skipping write tests
[    9.104670] scsi target2:0:0: Ending Domain Validation
[    9.137781] scsi target2:0:0: asynchronous
[    9.158653] scsi 2:0:1:0: Direct-Access     VBOX     HARDDISK         1.0  PQ: 0 ANSI: 5
[    9.183644] scsi target2:0:1: Beginning Domain Validation
[    9.248332] scsi target2:0:1: Domain Validation skipping write tests
[    9.257960] scsi target2:0:1: Ending Domain Validation
[    9.278614] scsi target2:0:1: asynchronous
[    9.485780] sd 2:0:0:0: [sda] 83886080 512-byte logical blocks: (42.9 GB/40.0 GiB)
[    9.499458] sd 2:0:0:0: Attached scsi generic sg0 type 0
[    9.523164] sd 2:0:1:0: [sdb] 20480 512-byte logical blocks: (10.5 MB/10.0 MiB)
[    9.536921] sd 2:0:1:0: Attached scsi generic sg1 type 0
[    9.546579] sd 2:0:0:0: [sda] Write Protect is off
[    9.567753] sd 2:0:1:0: [sdb] Write Protect is off
[    9.581585] sd 2:0:0:0: [sda] Incomplete mode parameter data
[    9.589902] sd 2:0:0:0: [sda] Assuming drive cache: write through
[    9.612339] sd 2:0:1:0: [sdb] Incomplete mode parameter data
[    9.621823] sd 2:0:1:0: [sdb] Assuming drive cache: write through
[    9.666158]  sda: sda1
[    9.689662] sd 2:0:1:0: [sdb] Attached SCSI disk
[    9.702185] sd 2:0:0:0: [sda] Attached SCSI disk
[   10.296701] e1000 0000:00:08.0 eth1: (PCI:33MHz:32-bit) 08:00:27:39:62:e6
[   10.323351] e1000 0000:00:08.0 eth1: Intel(R) PRO/1000 Network Connection
[   10.346095] e1000 0000:00:08.0 enp0s8: renamed from eth1
[   10.359331] e1000 0000:00:03.0 enp0s3: renamed from eth0
Begin: Loading essential drivers ... [   12.296494] md: linear personality registered for level -1
[   12.314008] md: multipath personality registered for level -4
[   12.328634] md: raid0 personality registered for level 0
[   12.354102] md: raid1 personality registered for level 1
[   12.439044] raid6: sse2x1   gen()  7011 MB/s
[   12.522959] raid6: sse2x1   xor()  5647 MB/s
[   12.609538] raid6: sse2x2   gen()  7250 MB/s
[   12.703143] raid6: sse2x2   xor()  6718 MB/s
[   12.795232] raid6: sse2x4   gen()  8879 MB/s
[   12.883067] raid6: sse2x4   xor()  7776 MB/s
[   12.889215] raid6: using algorithm sse2x4 gen() 8879 MB/s
[   12.896752] raid6: .... xor() 7776 MB/s, rmw enabled
[   12.906628] raid6: using ssse3x2 recovery algorithm
[   12.917587] xor: measuring software checksum speed
[   13.031774]    prefetch64-sse: 33890.000 MB/sec
[   13.148628]    generic_sse: 28966.000 MB/sec
[   13.156363] xor: using function: prefetch64-sse (33890.000 MB/sec)
[   13.168738] async_tx: api initialized (async)
[   13.234369] md: raid6 personality registered for level 6
[   13.243453] md: raid5 personality registered for level 5
[   13.252063] md: raid4 personality registered for level 4
[   13.294282] md: raid10 personality registered for level 10
done.
Begin: Running /scripts/init-premount ... done.
Begin: Mounting root file system ... Begin: Running /scripts/local-top ... done.
Begin: Running /scripts/local-premount ... [   13.509947] Btrfs loaded
Scanning for Btrfs filesystems
done.
Warning: fsck not present, so skipping root file system
[   13.595824] EXT4-fs (sda1): mounted filesystem with ordered data mode. Opts: (null)
done.
Begin: Running /scripts/local-bottom ... done.
Begin: Running /scripts/init-bottom ... done.
[   13.843690] systemd[1]: systemd 229 running in system mode. (+PAM +AUDIT +SELINUX +IMA +APPARMOR +SMACK +SYSVINIT +UTMP +LIBCRYPTSETUP +GCRYPT +GNUTLS +ACL +XZ -LZ4 +SECCOMP +BLKID +ELFUTILS +KMOD -IDN)
[   13.870590] systemd[1]: Detected virtualization oracle.
[   13.879466] systemd[1]: Detected architecture x86-64.

Welcome to [1mUbuntu 16.04.7 LTS[0m!

[   13.904583] systemd[1]: Set hostname to <ubuntu>.
[   13.921237] systemd[1]: Initializing machine ID from random generator.
[   13.930094] systemd[1]: Installed transient /etc/machine-id file.
[   14.221311] random: nonblocking pool is initialized
[   14.341431] systemd[1]: Listening on /dev/initctl Compatibility Named Pipe.
[[0;32m  OK  [0m] Listening on /dev/initctl Compatibility Named Pipe.
[   14.364472] systemd[1]: Listening on Journal Audit Socket.
[[0;32m  OK  [0m] Listening on Journal Audit Socket.
[   14.385089] systemd[1]: Reached target System Time Synchronized.
[[0;32m  OK  [0m] Reached target System Time Synchronized.
[   14.405270] systemd[1]: Listening on Device-mapper event daemon FIFOs.
[[0;32m  OK  [0m] Listening on Device-mapper event daemon FIFOs.
[   14.426510] systemd[1]: Listening on fsck to fsckd communication Socket.
[[0;32m  OK  [0m] Listening on fsck to fsckd communication Socket.
[   14.450261] systemd[1]: Listening on udev Kernel Socket.
[[0;32m  OK  [0m] Listening on udev Kernel Socket.
[   14.470909] systemd[1]: Listening on udev Control Socket.
[[0;32m  OK  [0m] Listening on udev Control Socket.
[   14.488908] systemd[1]: Listening on Journal Socket.
[[0;32m  OK  [0m] Listening on Journal Socket.
[   14.509212] systemd[1]: Started Trigger resolvconf update for networkd DNS.
[[0;32m  OK  [0m] Started Trigger resolvconf update for networkd DNS.
[   14.533479] systemd[1]: Listening on LVM2 poll daemon socket.
[[0;32m  OK  [0m] Listening on LVM2 poll daemon socket.
[   14.553524] systemd[1]: Reached target Swap.
[[0;32m  OK  [0m] Reached target Swap.
[   14.572243] systemd[1]: Listening on Journal Socket (/dev/log).
[[0;32m  OK  [0m] Listening on Journal Socket (/dev/log).
[   14.595697] systemd[1]: Set up automount Arbitrary Executable File Formats File System Automount Point.
[[0;32m  OK  [0m] Set up automount Arbitrary Executab...ats File System Automount Point.
[   14.622911] systemd[1]: Reached target User and Group Name Lookups.
[[0;32m  OK  [0m] Reached target User and Group Name Lookups.
[   14.643883] systemd[1]: Listening on LVM2 metadata daemon socket.
[[0;32m  OK  [0m] Listening on LVM2 metadata daemon socket.
[   14.663831] systemd[1]: Listening on Syslog Socket.
[[0;32m  OK  [0m] Listening on Syslog Socket.
[   14.681260] systemd[1]: Reached target Encrypted Volumes.
[[0;32m  OK  [0m] Reached target Encrypted Volumes.
[   14.701011] systemd[1]: Created slice System Slice.
[[0;32m  OK  [0m] Created slice System Slice.
[   14.721307] systemd[1]: Starting File System Check on Root Device...
         Starting File System Check on Root Device...
[   14.761672] systemd[1]: Starting Journal Service...
         Starting Journal Service...
[   14.798428] systemd[1]: Mounting POSIX Message Queue File System...
         Mounting POSIX Message Queue File System...
[   14.857901] systemd[1]: Starting Nameserver information manager...
         Starting Nameserver information manager...
[   14.888718] systemd[1]: Starting Load Kernel Modules...
         Starting Load Kernel Modules...
[   14.942115] systemd[1]: Starting Set console keymap...
         Starting Set console keymap...[   14.966437] Loading iSCSI transport class v2.0-870.

[   14.983128] systemd[1]: Starting Monitoring of LVM2 mirrors, snapshots etc. using dmeventd or progress polling...
         Starting Monitoring of LVM2 mirrors... dmeventd or progress polling...
[   15.046270] systemd[1]: Created slice system-serial\x2dgetty.slice.
[[0;32m  OK  [0m[   15.076412] iscsi: registered transport (tcp)
] Created slice system-serial\x2dgetty.slice.
[   15.089107] systemd[1]: Mounting Huge Pages File System...
         Mounting Huge Pages File System...
[   15.128381] systemd[1]: Starting Create list of required static device nodes for the current kernel...
         Starting Create list of required st... nodes for the current kernel...
[   15.185556] systemd[1]: Created slice User and Session Slice.
[[0;32m  OK  [0m] Created slice User and Session Slice.
[   15.232697] systemd[1]: Reached target Slices.
[[0;32m  OK  [0m] Reached target Slices.
[   15.281013] systemd[1]: Started Forward Password Requests to Wall Directory Watch.
[[0;32m  OK  [0m] Started Forward Password Requests to Wall Directory Watch.
[   15.360704] systemd[1]: Starting Uncomplicated firewall...
         Starting Uncomplicated firewall...
[   15.415416] systemd[1]: Mounting Debug File System...
[   15.424625] iscsi: registered transport (iser)
         Mounting Debug File System...
[   15.448409] systemd[1]: Mounted Huge Pages File System.
[[0;32m  OK  [0m] Mounted Huge Pages File System.
[   15.470718] systemd[1]: Mounted POSIX Message Queue File System.
[[0;32m  OK  [0m] Mounted POSIX Message Queue File System.
[   15.488842] systemd[1]: Mounted Debug File System.
[[0;32m  OK  [0m] Mounted Debug File System.
[   15.505026] systemd[1]: Started Journal Service.
[[0;32m  OK  [0m] Started Journal Service.
[[0;32m  OK  [0m] Started File System Check on Root Device.
[[0;32m  OK  [0m] Started Load Kernel Modules.
[[0;32m  OK  [0m] Started Set console keymap.
[[0;32m  OK  [0m] Started Create list of required sta...ce nodes for the current kernel.
[[0;32m  OK  [0m] Started Uncomplicated firewall.
[[0;32m  OK  [0m] Started Nameserver information manager.
[[0;32m  OK  [0m] Started LVM2 metadata daemon.
[[0;32m  OK  [0m] Started File System Check Daemon to report status.
         Starting Create Static Device Nodes in /dev...
         Starting Apply Kernel Variables...
         Mounting FUSE Control File System...
         Starting Remount Root and Kernel File Systems...
[[0;32m  OK  [0m[   15.796912] EXT4-fs (sda1): re-mounted. Opts: (null)
] Mounted FUSE Control File System.
[[0;32m  OK  [0m] Started Create Static Device Nodes in /dev.
[[0;32m  OK  [0m] Started Monitoring of LVM2 mirrors,...ng dmeventd or progress polling.
[[0;32m  OK  [0m] Started Apply Kernel Variables.
[[0;32m  OK  [0m] Started Remount Root and Kernel File Systems.
         Starting Flush Journal to Persistent Storage...
         Starting Load/Save Random Seed...
         Starting udev Coldplug all Devices...
         Starting udev Kernel Device Manager...
[[0;32m  OK  [0m] Reached target Local File Systems (Pre).
[[0;32m  OK  [0m] Reached target Local File Systems.
         Starting Commit a transient machine-id on disk...
         Starting Set console font and keymap...
         Starting LSB: AppArmor initialization...
         Starting Tell Plymouth To Write Out Runtime Data...
         Starting Initial cloud-init job (pre-networking)...
[[0;32m  OK  [0m] Started udev Kernel Device Manager.
[[0;32m  OK  [0m] Started Load/Save Random Seed.
[[0;32m  OK  [0m] Started Commit a transient machine-id on disk.
[[0;32m  OK  [0m] Started Tell Plymouth To Write Out Runtime Data.
[[0;32m  OK  [0m] Started Flush Journal to Persistent Storage.
         Starting Create Volatile Files and Directories...
[[0;32m  OK  [0m] Started Create Volatile Files and Directories.
         Starting Update UTMP about System Boot/Shutdown...
[[0;32m  OK  [0m] Started Update UTMP about System Boot/Shutdown.
[[0;32m  OK  [0m] Started udev Coldplug all Devices.
[[0;32m  OK  [0m] Started Dispatch Password Requests to Console Directory Watch.
[[0;32m  OK  [0m] Found device /dev/ttyS0.
[[0;32m  OK  [0m] Listening on Load/Save RF Kill Switch Status /dev/rfkill Watch.
[[0;32m  OK  [0m] Started LSB: AppArmor initialization.
[   18.044970] cloud-init         Starting Load AppArmor profiles managed internally by snapd...
[[0;32m  OK  [0m[492]: Cloud-init v. 21.1-19-gbad84ad4-0ubuntu1~16.04.2 running 'init-local' at Mon, 27 May 2024 08:22:13 +0000. Up 17.01 seconds.] Started Initial cloud-init job (pre-networking).
[[0;32m  OK  [0m] Reached target Network (Pre).
         Starting Raise network interfaces...

[[0;32m  OK  [0m] Started Load AppArmor profiles managed internally by snapd.
[[0;32m  OK  [0m] Started Set console font and keymap.
[[0;32m  OK  [0m] Created slice system-getty.slice.
[[0;32m  OK  [0m] Started Raise network interfaces.
[[0;32m  OK  [0m] Reached target Network.
         Starting Initial cloud-init job (metadata service crawler)...
[   20.860043] cloud-init[964]: Cloud-init v. 21.1-19-gbad84ad4-0ubuntu1~16.04.2 running 'init' at Mon, 27 May 2024 08:22:17 +0000. Up 20.04 seconds.
[   20.897520] cloud-init[964]: ci-info: ++++++++++++++++++++++++++++++++++++++Net device info+++++++++++++++++++++++++++++++++++++++
[   20.922657] cloud-init[964]: ci-info: +--------+-------+----------------------------+---------------+--------+-------------------+
[[0;32m  OK  [0m[   20.957971] cloud-init[964]: ] Started Initial cloud-init job (metadata service crawler).ci-info: | Device |   Up  |          Address           |      Mask     | Scope  |     Hw-Address    |
[[0;32m  OK  [0m] Reached target Cloud-config availability.
[   20.990977] 
[[0;32m  OK  [0mcloud-init[964]: ci-info: +--------+-------+----------------------------+---------------+--------+-------------------+] Reached target System Initialization.

         Starting LXD - unix socket.[   21.016538] cloud-init[964]: ci-info: | enp0s3 |  True |         10.0.2.15          | 255.255.255.0 | global | 02:be:82:6b:cc:1d |
[[0;32m  OK  [0m] Listening on UUID daemon activation socket.

[   21.037760] cloud-init[964]: [[0;32m  OK  [0m] Started Daily apt download activities.
ci-info: | enp0s3 |  True | fe80::be:82ff:fe6b:cc1d/64 |       .       |  link  | 02:be:82:6b:cc:1d |[[0;32m  OK  [0m] Started Daily apt upgrade and clean activities.
[   21.063392] cloud-init[964]: 
         Starting Socket activation for snappy daemon.ci-info: | enp0s8 | False |             .              |       .       |   .    | 08:00:27:39:62:e6 |
[[0;32m  OK  [0m
[   21.087372] ] Started Daily Cleanup of Temporary Directories.cloud-init[964]: 
[[0;32m  OK  [0mci-info: |   lo   |  True |         127.0.0.1          |   255.0.0.0   |  host  |         .         |] Listening on ACPID Listen Socket.

[   21.115008] [[0;32m  OK  [0m] cloud-init[964]: ci-info: |   lo   |  True |          ::1/128           |       .       |  host  |         .         |Listening on D-Bus System Message Bus Socket.
[[0;32m  OK  [0m
[   21.142133] cloud-init] Started Ubuntu Advantage update messaging.[964]: ci-info: +--------+-------+----------------------------+---------------+--------+-------------------+

[[0;32m  OK  [0m[   21.166015] cloud-init] Started ACPI Events Check.[964]: ci-info: +++++++++++++++++++++++++++Route IPv4 info++++++++++++++++++++++++++++
[[0;32m  OK  [0m] Reached target Paths.
[   21.186986] 
[[0;32m  OK  [0mcloud-init[964]: ci-info: +-------+-------------+----------+---------------+-----------+-------+] Started Message of the Day.

[   21.206578] cloud-init[[0;32m  OK  [0m] Reached target Timers.[964]: ci-info: | Route | Destination | Gateway  |    Genmask    | Interface | Flags |
[
[   21.225810] cloud-init[0;32m  OK  [0m] Reached target Network is Online.[964]: ci-info: +-------+-------------+----------+---------------+-----------+-------+
         Starting iSCSI initiator daemon (iscsid)...
[   21.246432] cloud-init
[964]: [[0;32m  OK  [0mci-info: |   0   |   0.0.0.0   | 10.0.2.2 |    0.0.0.0    |   enp0s3  |   UG  |] Listening on LXD - unix socket.
[[0;32m  OK  [0m
] Listening on Socket activation for snappy daemon.
[   21.281725] [[0;32m  OK  [0mcloud-init] Reached target Sockets.
[964]: ci-info: |   1   |   10.0.2.0  | 0.0.0.0  | 255.255.255.0 |   enp0s3  |   U   |[[0;32m  OK  [0m] Reached target Basic System.

[   21.314855]          Starting System Logging Service...cloud-init[964]: ci-info: +-------+-------------+----------+---------------+-----------+-------+

         Starting Pollinate to seed the pseudo random number generator...[   21.344378] cloud-init
[[0;32m  OK  [0m] Started Regular background program processing daemon.[964]: 
[[0;32m  OK  [0m] Started ACPI event daemon.ci-info: +++++++++++++++++++Route IPv6 info+++++++++++++++++++
         Starting Virtualbox guest utils...
         Starting LSB: Record successful boot for GRUB...
         Starting LSB: MD monitoring daemon...
[[0;32m  OK  [0m] Started D-Bus System Message Bus.

[   21.510417] cloud-init[964]: ci-info: +-------+-------------+---------+-----------+-------+
         [   21.576437] cloud-initStarting Accounts Service...
[[964]: [0;32m  OK  [0m] Started Deferred execution scheduler.
[[0;32m  OK  [0m] Started FUSE filesystem for LXC.
ci-info: | Route | Destination | Gateway | Interface | Flags |         Starting Login Service...
         Starting /etc/rc.local Compatibility...
         Starting Snap Daemon...
         Starting LXD - container startup/shutdown...
[[0;32m  OK  [0m] Started System Logging Service.
[[0;32m  OK  [0m] Started /etc/rc.local Compatibility.
[
[0;32m  OK  [0m] Started iSCSI initiator daemon (iscsid).
         Starting Login to default iSCSI targets...[   21.803245] 
[[0;32m  OK  [0m] Started Login Service.
[[0;32m  OK  [0m] Started Unattended Upgrades Shutdown.
cloud-init[964]: [ci-info: +-------+-------------+---------+-----------+-------+[0;32m  OK  [0m] Started LSB: Record successful boot for GRUB.
[[0;32m  OK  [0m] Started Login to default iSCSI targets.
[[0;32m  OK  [0m
] Reached target Remote File Systems (Pre).
[[0;32m  OK  [0m] Reached target Remote File Systems.
         Starting LSB: automatic crash report generation...
[   22.021444]          Starting Permit User Sessions...
         Starting LSB: Set the CPU Frequency Scaling governor to "ondemand"...
         Starting LSB: daemon to balance interrupts for SMP systems...cloud-init
[[0;32m  OK  [0m] Started Permit User Sessions.
         Starting Terminate Plymouth Boot Screen...
         [964]: Starting Hold until boot process finishes up...
[[0;32m  OK  [0m] Started LSB: MD monitoring daemon.ci-info: |   0   |  fe80::/64  |    ::   |   enp0s3  |   U   |
[[0;32m  OK  [0m] Started Terminate Plymouth Boot Screen.
[[0;32m  OK  [0m] Started Hold until boot process finishes up.
         Starting Authenticate and Authorize Users to Run Privileged Tasks...
[[0;32m  OK  [0m] Started Getty on tty1.

         Starting Set console scheme...
[[0;32m  OK  [0m] Started Serial Getty on ttyS0.
[[0;32m  OK  [0m] Reached target Login Prompts.
[[   22.340224] cloud-init[964]: [0;32m  OK  [0m] Started Set console scheme.
[[0;32m  OK  [0m] Started LSB: Set the CPU Frequency Scaling governor to "ondemand".ci-info: |   3   |   ff00::/8  |    ::   |   enp0s3  |   U   |

[[0;32m  OK  [0m] Started Authenticate and Authorize Users to Run Privileged Tasks.
[[0;32m  OK  [0m[   22.486462] ] Started Accounts Service.
cloud-init[[0;32m  OK  [0m] Started LSB: daemon to balance interrupts for SMP systems.
[964]: [[0;32m  OK  [0m] Started LSB: automatic crash report generation.ci-info: +-------+-------------+---------+-----------+-------+

[   22.684958] cloud-init[964]: Generating public/private rsa key pair.
[   22.795613] cloud-init[964]: Your identification has been saved in /etc/ssh/ssh_host_rsa_key.
[   22.933631] cloud-init[964]: [[0;32m  OK  [0mYour public key has been saved in /etc/ssh/ssh_host_rsa_key.pub.] Started LXD - container startup/shutdown.

[   23.032838] cloud-init[964]: The key fingerprint is:
[[0;32m  OK  [0m[   23.084680] ] Started Virtualbox guest utils.
cloud-init[964]: SHA256:ap8DRtHWuBh96aJIDY8HhGB1bg97iyEo/1RGLBCpBgE root@ubuntu-xenial
[   23.146146] cloud-init[964]: The key's randomart image is:
[   23.190193] cloud-init[964]: +---[RSA 2048]----+
[   23.221613] cloud-init[964]: |E++*.. o o .     |
[   23.266184] cloud-init[964]: |o o.=.o = +      |
[   23.303905] cloud-init[964]: |..  .Xo= +       |
[   23.351585] cloud-init[964]: |... +oX o .      |
[   23.387512] cloud-init[964]: |o. o *o+S.       |
[   23.466917] cloud-init[964]: |..  ooB..        |
[   23.527079] cloud-init[964]: |  . .ooo         |
[   23.577451] cloud-init[964]: |   o . ...       |
[   23.619226] cloud-init[964]: |    .   o.       |
[   23.665155] cloud-init[964]: +----[SHA256]-----+
[   23.699903] cloud-init[964]: Generating public/private dsa key pair.
[   23.763256] cloud-init[964]: Your identification has been saved in /etc/ssh/ssh_host_dsa_key.
[   23.796295] cloud-init[964]: Your public key has been saved in /etc/ssh/ssh_host_dsa_key.pub.
[   23.824277] cloud-init[964]: The key fingerprint is:
[[0;32m  OK  [0m] Started Snap Daemon.[   23.851454] cloud-init
         Starting Wait until snapd is fully seeded...
[964]: SHA256:Oz0ZYWtikMC4ZLPKofw9DxZlJWOZf9hP+yrboBYrQq4 root@ubuntu-xenial
[   23.945071] cloud-init[964]: The key's randomart image is:
[   24.010779] cloud-init[964]: +---[DSA 1024]----+
[   24.069346] cloud-init[964]: [[0;32m  OK  [0m] Started Pollinate to seed the pseudo random number generator.|   o.  +o.       |

[   24.146540]          cloud-initStarting OpenBSD Secure Shell server...[964]: |  = ...++        |

[   24.201597] cloud-init[964]: | o +  oo. =      |
[   24.268408] cloud-init[964]: | .o   o. + = .   |[[0;32m  OK  [0m
] Started OpenBSD Secure Shell server.[   24.320966] 
cloud-init[964]: |+..  .  S = o .  |
[   24.341802] cloud-init[964]: |oo   ... * o o   |
[   24.385372] cloud-init[964]: |  . +o  o *.  .  |
[   24.412780] cloud-init[964]: |   ..=.. +.oo  . |
[   24.443624] cloud-init[964]: |   E. +.o. .oo.  |
[   24.475074] cloud-init[964]: +----[SHA256]-----+
[   24.499097] cloud-init[964]: Generating public/private ecdsa key pair.
[   24.551581] cloud-init[964]: Your identification has been saved in /etc/ssh/ssh_host_ecdsa_key.
[   24.604526] cloud-init[964]: Your public key has been saved in /etc/ssh/ssh_host_ecdsa_key.pub.
[   24.646416] cloud-init[964]: The key fingerprint is:
[   24.686564] cloud-init[964]: SHA256:VfzjXFw+i2hrJX9+hF3/xHK4Nv4IrSzg+8/E+9Ln/WM root@ubuntu-xenial
[[0;32m  OK  [0m[   24.735814] ] Created slice User Slice of vagrant.cloud-init[964]: The key's randomart image is:
         Starting User Manager for UID 1000...

[[0;32m  OK  [0m] Started Session 1 of user vagrant.
[   24.806841] cloud-init[964]: +---[ECDSA 256]---+
[[0;32m  OK  [0m] Started User Manager for UID 1000.[   24.858796] 
cloud-init[964]: |           ..    |
[   24.922626] cloud-init[964]: |           ..   .|
[   24.980814] cloud-init[964]: |          .  . o.|
[   25.024785] cloud-init[964]: |         .    o.=|
[   25.094061] cloud-init[964]: |        S   .o.B=|
[   25.157805] cloud-init[964]: |        .  = +*.B|
[   25.269469] cloud-init[964]: |       . .. O..*.|
[   25.338919] cloud-init[964]: |        . .*.==E=|
[   25.398979] cloud-init[964]: |        .ooo*=B*O|
[   25.462122] cloud-init[964]: +----[SHA256]-----+
[   25.511923] cloud-init[964]: Generating public/private ed25519 key pair.
[   25.561510] cloud-init[964]: Your identification has been saved in /etc/ssh/ssh_host_ed25519_key.
[   25.618376] cloud-init[964]: Your public key has been saved in /etc/ssh/ssh_host_ed25519_key.pub.
[   25.678357] cloud-init[964]: The key fingerprint is:
[   25.745491] cloud-init[964]: SHA256:CGe+bTKOOwNXzrCDXa0ph148kZ4v39NWLklsrp3HQXg root@ubuntu-xenial
[   25.816553] cloud-init[964]: The key's randomart image is:
[   25.862877] cloud-init[964]: +--[ED25519 256]--+
[   25.909282] cloud-init[964]: |                 |
[   25.950856] cloud-init[964]: |                 |
[   25.982439] cloud-init[964]: |    . oo     .   |
[   26.020843] cloud-init[964]: |    .==..   . E  |
[   26.042778] cloud-init[964]: |   o @o=S  . o   |
[   26.076455] cloud-init[964]: |  o B %o    + o  |
[   26.107617] cloud-init[964]: |   + =+oo  = = . |
[   26.162289] cloud-init[964]: |    +o.+....*.+  |
[   26.190592] cloud-init[964]: |    o+.o. o+oo   |
[   26.210905] cloud-init[964]: +----[SHA256]-----+

Ubuntu 16.04.7 LTS ubuntu-xenial ttyS0

ubuntu-xenial login: [   30.381163] cloud-init[1460]: Generating locales (this might take a while)...
[   33.268146] cloud-init[1460]:   en_US.UTF-8... done
[   33.282983] cloud-init[1460]: Generation complete.
[   33.967997] cloud-init[1460]: Cloud-init v. 21.1-19-gbad84ad4-0ubuntu1~16.04.2 running 'modules:config' at Mon, 27 May 2024 08:22:26 +0000. Up 30.00 seconds.
ci-info: no authorized SSH keys fingerprints found for user ubuntu.
<14>May 27 08:22:31 ec2: 
<14>May 27 08:22:31 ec2: #############################################################
<14>May 27 08:22:31 ec2: -----BEGIN SSH HOST KEY FINGERPRINTS-----
<14>May 27 08:22:31 ec2: 1024 SHA256:Oz0ZYWtikMC4ZLPKofw9DxZlJWOZf9hP+yrboBYrQq4 root@ubuntu-xenial (DSA)
<14>May 27 08:22:31 ec2: 256 SHA256:VfzjXFw+i2hrJX9+hF3/xHK4Nv4IrSzg+8/E+9Ln/WM root@ubuntu-xenial (ECDSA)
<14>May 27 08:22:31 ec2: 256 SHA256:CGe+bTKOOwNXzrCDXa0ph148kZ4v39NWLklsrp3HQXg root@ubuntu-xenial (ED25519)
<14>May 27 08:22:31 ec2: 2048 SHA256:ap8DRtHWuBh96aJIDY8HhGB1bg97iyEo/1RGLBCpBgE root@ubuntu-xenial (RSA)
<14>May 27 08:22:31 ec2: -----END SSH HOST KEY FINGERPRINTS-----
<14>May 27 08:22:31 ec2: #############################################################
-----BEGIN SSH HOST KEY KEYS-----
ecdsa-sha2-nistp256 AAAAE2VjZHNhLXNoYTItbmlzdHAyNTYAAAAIbmlzdHAyNTYAAABBBDqxQ2OuZukf+2fWwO6kIghSZ9riAhIykoBoviL8wb0zH6ikZ5Azr8GHlm9Zk8hOqQkggQsqU5k9koUnXbv21IQ= root@ubuntu-xenial
ssh-ed25519 AAAAC3NzaC1lZDI1NTE5AAAAIKL0AeZClSyfzd1Y56wuiCU2QJ5xtV/MDVwRGfJl/K7m root@ubuntu-xenial
ssh-rsa AAAAB3NzaC1yc2EAAAADAQABAAABAQDzIosZtplLOqYwKDXPFuypFKTClWstkrB1j98HLCfRqxzSgNBOc4tWoCS4cNIgp4bWX0hYzorAedVYvMA2ZmwxS4ZmZqQp2Z+QYvRjv5xMmEH9FCoWRB62LE7soiy0lnO8qXyn72a9knF8iOW6cTtUYJOWLpyRl8q1wdo53wAzoosejRKsDqY3SPOGodiIWRgAT5Cix05DI1E+ZlBU0pplZtQuunaisNQXKsY/Xdn2UEA61ZjZcq+Oeg6cgengS8Oxs+YYEiGlf70hbwblYrSB1IAI/it+Xs11gP7tuI27YmK4NHu2lrIrTxtLvUyjcJTinooZTiJ9UHdEfzCgY9+P root@ubuntu-xenial
-----END SSH HOST KEY KEYS-----
[   35.034341] cloud-init[1639]: Cloud-init v. 21.1-19-gbad84ad4-0ubuntu1~16.04.2 running 'modules:final' at Mon, 27 May 2024 08:22:31 +0000. Up 34.71 seconds.
[   35.089605] cloud-init[1639]: ci-info: no authorized SSH keys fingerprints found for user ubuntu.
[   35.125466] cloud-init[1639]: Cloud-init v. 21.1-19-gbad84ad4-0ubuntu1~16.04.2 finished at Mon, 27 May 2024 08:22:31 +0000. Datasource DataSourceNoCloud [seed=/dev/sdb][dsmode=net].  Up 35.01 seconds
